#
# There is insufficient memory for the Java Runtime Environment to continue.
# Native memory allocation (malloc) failed to allocate 1272496 bytes for Chunk::new
# Possible reasons:
#   The system is out of physical RAM or swap space
#   The process is running with CompressedOops enabled, and the Java Heap may be blocking the growth of the native heap
# Possible solutions:
#   Reduce memory load on the system
#   Increase physical memory or swap space
#   Check if swap backing store is full
#   Decrease Java heap size (-Xmx/-Xms)
#   Decrease number of Java threads
#   Decrease Java thread stack sizes (-Xss)
#   Set larger code cache with -XX:ReservedCodeCacheSize=
#   JVM is running with Unscaled Compressed Oops mode in which the Java heap is
#     placed in the first 4GB address space. The Java Heap base address is the
#     maximum limit for the native heap growth. Please use -XX:HeapBaseMinAddress
#     to set the Java Heap base and to place the Java Heap above 4GB virtual address.
# This output file may be truncated or incomplete.
#
#  Out of Memory Error (./src/hotspot/share/memory/arena.cpp:197), pid=12488, tid=13044
#
# JRE version: OpenJDK Runtime Environment (11.0.11+9) (build 11.0.11+9-b60-7590822)
# Java VM: OpenJDK 64-Bit Server VM (11.0.11+9-b60-7590822, mixed mode, tiered, compressed oops, g1 gc, windows-amd64)
# No core dump will be written. Minidumps are not enabled by default on client versions of Windows
#

---------------  S U M M A R Y ------------

Command Line: --add-opens=java.base/java.util=ALL-UNNAMED --add-opens=java.base/java.lang=ALL-UNNAMED --add-opens=java.base/java.lang.invoke=ALL-UNNAMED --add-opens=java.base/java.util=ALL-UNNAMED --add-opens=java.prefs/java.util.prefs=ALL-UNNAMED --add-opens=java.prefs/java.util.prefs=ALL-UNNAMED --add-opens=java.base/java.nio.charset=ALL-UNNAMED --add-opens=java.base/java.net=ALL-UNNAMED --add-opens=java.base/java.util.concurrent.atomic=ALL-UNNAMED -Xmx2048m -Dfile.encoding=UTF-8 -Duser.country=RU -Duser.language=ru -Duser.variant org.gradle.launcher.daemon.bootstrap.GradleDaemon 7.2

Host: Intel(R) Core(TM) i7-3612QM CPU @ 2.10GHz, 8 cores, 5G,  Windows 10 , 64 bit Build 19041 (10.0.19041.1566)
Time: Mon Apr  4 20:33:20 2022 RTZ 2 (зима) elapsed time: 6495.528220 seconds (0d 1h 48m 15s)

---------------  T H R E A D  ---------------

Current thread (0x0000022f478e2800):  JavaThread "C2 CompilerThread0" daemon [_thread_in_native, id=13044, stack(0x00000096b4700000,0x00000096b4800000)]


Current CompileTask:
C2:6495528 17736       4       com.android.utils.XmlUtils::append (647 bytes)

Stack: [0x00000096b4700000,0x00000096b4800000]
Native frames: (J=compiled Java code, j=interpreted, Vv=VM code, C=native code)
V  [jvm.dll+0x5f214a]
V  [jvm.dll+0x726fb5]
V  [jvm.dll+0x7285cd]
V  [jvm.dll+0x728c83]
V  [jvm.dll+0x243278]
V  [jvm.dll+0xbc53c]
V  [jvm.dll+0xbca3c]
V  [jvm.dll+0x353e3b]
V  [jvm.dll+0x19875c]
V  [jvm.dll+0x1fc2ee]
V  [jvm.dll+0x1fb3d4]
V  [jvm.dll+0x183d6c]
V  [jvm.dll+0x209a57]
V  [jvm.dll+0x2082a1]
V  [jvm.dll+0x6ef58f]
V  [jvm.dll+0x6e80b5]
V  [jvm.dll+0x5f1036]
C  [ucrtbase.dll+0x21bb2]
C  [KERNEL32.DLL+0x17034]
C  [ntdll.dll+0x52651]


---------------  P R O C E S S  ---------------

Threads class SMR info:
_java_thread_list=0x0000022f4f0b5750, length=137, elements={
0x0000022f2cc10000, 0x0000022f47067800, 0x0000022f47073800, 0x0000022f4789a800,
0x0000022f4789c000, 0x0000022f4789d800, 0x0000022f478e2800, 0x0000022f478f3000,
0x0000022f478f8800, 0x0000022f47a59000, 0x0000022f49c2e000, 0x0000022f4acac800,
0x0000022f4872b000, 0x0000022f478f4000, 0x0000022f478f4800, 0x0000022f478f2800,
0x0000022f478f6800, 0x0000022f478f0800, 0x0000022f484a1000, 0x0000022f484a2000,
0x0000022f484a4000, 0x0000022f484a2800, 0x0000022f484a3800, 0x0000022f484a5000,
0x0000022f4849f800, 0x0000022f484a0000, 0x0000022f484a9000, 0x0000022f484ab800,
0x0000022f4a40c800, 0x0000022f4a411000, 0x0000022f4a40e000, 0x0000022f4a40f800,
0x0000022f4a413800, 0x0000022f4a412000, 0x0000022f4a40e800, 0x0000022f4a414800,
0x0000022f4a415800, 0x0000022f4a416000, 0x0000022f4a410800, 0x0000022f4a417800,
0x0000022f4a419800, 0x0000022f4a41a000, 0x0000022f4a418800, 0x0000022f4a41b000,
0x0000022f484a6000, 0x0000022f484ac800, 0x0000022f484a7800, 0x0000022f484ae000,
0x0000022f484a8800, 0x0000022f478f5800, 0x0000022f478f0000, 0x0000022f478f1800,
0x0000022f4aec3800, 0x0000022f4aebf000, 0x0000022f4aec4000, 0x0000022f4aec5000,
0x0000022f4aec1000, 0x0000022f4aec1800, 0x0000022f4aec6000, 0x0000022f4aec2800,
0x0000022f4aec0000, 0x0000022f4aeca800, 0x0000022f4aec9000, 0x0000022f4aec6800,
0x0000022f4aec8000, 0x0000022f4aeca000, 0x0000022f4aecb800, 0x0000022f4aecc800,
0x0000022f4aecd000, 0x0000022f4aec7800, 0x0000022f4aece000, 0x0000022f4a932000,
0x0000022f4a934800, 0x0000022f4a932800, 0x0000022f4a930800, 0x0000022f4a936000,
0x0000022f4a933800, 0x0000022f4a931000, 0x0000022f4a937800, 0x0000022f4a939800,
0x0000022f4a93a000, 0x0000022f4a935000, 0x0000022f4a93b800, 0x0000022f4a93b000,
0x0000022f4a938800, 0x0000022f4a93c800, 0x0000022f4a937000, 0x0000022f4a93d800,
0x0000022f4a93e000, 0x0000022f4a93f000, 0x0000022f4a949000, 0x0000022f4a94a000,
0x0000022f4a94d000, 0x0000022f4a94c800, 0x0000022f4a94b800, 0x0000022f4a94e000,
0x0000022f4a948800, 0x0000022f4a94a800, 0x0000022f4a94f000, 0x0000022f4a952000,
0x0000022f4a950800, 0x0000022f4a951800, 0x0000022f4a953000, 0x0000022f4a953800,
0x0000022f4a954800, 0x0000022f4a955800, 0x0000022f4a94f800, 0x0000022f4a956000,
0x0000022f4a957000, 0x0000022f49d79800, 0x0000022f49d7d000, 0x0000022f49d7a800,
0x0000022f49d7c000, 0x0000022f49d7d800, 0x0000022f49d7e800, 0x0000022f49d7f800,
0x0000022f49d80000, 0x0000022f49d81000, 0x0000022f49d7b000, 0x0000022f49d86800,
0x0000022f49d84000, 0x0000022f49d82000, 0x0000022f49d88800, 0x0000022f49d87800,
0x0000022f49d82800, 0x0000022f49d83800, 0x0000022f49d85000, 0x0000022f49d86000,
0x0000022f4a417000, 0x0000022f50f35000, 0x0000022f50f33800, 0x0000022f50f32800,
0x0000022f50f30000, 0x0000022f50f31800, 0x0000022f50f2f800, 0x0000022f50f34000,
0x0000022f50f36000
}

Java Threads: ( => current thread )
  0x0000022f2cc10000 JavaThread "main" [_thread_blocked, id=13436, stack(0x00000096b3b00000,0x00000096b3c00000)]
  0x0000022f47067800 JavaThread "Reference Handler" daemon [_thread_blocked, id=16052, stack(0x00000096b4200000,0x00000096b4300000)]
  0x0000022f47073800 JavaThread "Finalizer" daemon [_thread_blocked, id=13500, stack(0x00000096b4300000,0x00000096b4400000)]
  0x0000022f4789a800 JavaThread "Signal Dispatcher" daemon [_thread_blocked, id=8768, stack(0x00000096b4400000,0x00000096b4500000)]
  0x0000022f4789c000 JavaThread "Attach Listener" daemon [_thread_blocked, id=17524, stack(0x00000096b4500000,0x00000096b4600000)]
  0x0000022f4789d800 JavaThread "Service Thread" daemon [_thread_blocked, id=17684, stack(0x00000096b4600000,0x00000096b4700000)]
=>0x0000022f478e2800 JavaThread "C2 CompilerThread0" daemon [_thread_in_native, id=13044, stack(0x00000096b4700000,0x00000096b4800000)]
  0x0000022f478f3000 JavaThread "C1 CompilerThread0" daemon [_thread_blocked, id=5192, stack(0x00000096b4800000,0x00000096b4900000)]
  0x0000022f478f8800 JavaThread "Sweeper thread" daemon [_thread_blocked, id=3588, stack(0x00000096b4900000,0x00000096b4a00000)]
  0x0000022f47a59000 JavaThread "Common-Cleaner" daemon [_thread_blocked, id=5760, stack(0x00000096b4a00000,0x00000096b4b00000)]
  0x0000022f49c2e000 JavaThread "Daemon health stats" [_thread_blocked, id=2960, stack(0x00000096b4e00000,0x00000096b4f00000)]
  0x0000022f4acac800 JavaThread "Incoming local TCP Connector on port 62968" [_thread_in_native, id=14404, stack(0x00000096b4c00000,0x00000096b4d00000)]
  0x0000022f4872b000 JavaThread "Daemon periodic checks" [_thread_blocked, id=1916, stack(0x00000096b5300000,0x00000096b5400000)]
  0x0000022f478f4000 JavaThread "Cache worker for journal cache (C:\Users\User\.gradle\caches\journal-1)" [_thread_blocked, id=3064, stack(0x00000096b5f00000,0x00000096b6000000)]
  0x0000022f478f4800 JavaThread "File lock request listener" [_thread_in_native, id=10064, stack(0x00000096b6000000,0x00000096b6100000)]
  0x0000022f478f2800 JavaThread "Cache worker for file hash cache (C:\Users\User\.gradle\caches\7.2\fileHashes)" [_thread_blocked, id=16788, stack(0x00000096b6200000,0x00000096b6300000)]
  0x0000022f478f6800 JavaThread "File watcher server" daemon [_thread_in_native, id=12024, stack(0x00000096b6500000,0x00000096b6600000)]
  0x0000022f478f0800 JavaThread "File watcher consumer" daemon [_thread_blocked, id=11120, stack(0x00000096b6600000,0x00000096b6700000)]
  0x0000022f484a1000 JavaThread "jar transforms" [_thread_blocked, id=6488, stack(0x00000096b6700000,0x00000096b6800000)]
  0x0000022f484a2000 JavaThread "jar transforms Thread 2" [_thread_blocked, id=1604, stack(0x00000096b6800000,0x00000096b6900000)]
  0x0000022f484a4000 JavaThread "jar transforms Thread 3" [_thread_blocked, id=1396, stack(0x00000096b6900000,0x00000096b6a00000)]
  0x0000022f484a2800 JavaThread "jar transforms Thread 4" [_thread_blocked, id=14732, stack(0x00000096b6a00000,0x00000096b6b00000)]
  0x0000022f484a3800 JavaThread "jar transforms Thread 5" [_thread_blocked, id=10704, stack(0x00000096b6b00000,0x00000096b6c00000)]
  0x0000022f484a5000 JavaThread "jar transforms Thread 6" [_thread_blocked, id=5604, stack(0x00000096b6c00000,0x00000096b6d00000)]
  0x0000022f4849f800 JavaThread "jar transforms Thread 7" [_thread_blocked, id=5272, stack(0x00000096b6d00000,0x00000096b6e00000)]
  0x0000022f484a0000 JavaThread "jar transforms Thread 8" [_thread_blocked, id=6572, stack(0x00000096b6e00000,0x00000096b6f00000)]
  0x0000022f484a9000 JavaThread "Cache worker for execution history cache (C:\Users\User\.gradle\caches\7.2\executionHistory)" [_thread_blocked, id=15912, stack(0x00000096b7200000,0x00000096b7300000)]
  0x0000022f484ab800 JavaThread "Cache worker for file content cache (C:\Users\User\.gradle\caches\7.2\fileContent)" [_thread_blocked, id=8416, stack(0x00000096b7300000,0x00000096b7400000)]
  0x0000022f4a40c800 JavaThread "Memory manager" [_thread_blocked, id=14800, stack(0x00000096b3900000,0x00000096b3a00000)]
  0x0000022f4a411000 JavaThread "pool-3-thread-1" [_thread_blocked, id=5012, stack(0x00000096b3a00000,0x00000096b3b00000)]
  0x0000022f4a40e000 JavaThread "Daemon Thread 2" [_thread_blocked, id=12908, stack(0x00000096b3800000,0x00000096b3900000)]
  0x0000022f4a40f800 JavaThread "Handler for socket connection from /127.0.0.1:62968 to /127.0.0.1:49958" [_thread_in_native, id=11356, stack(0x00000096b5400000,0x00000096b5500000)]
  0x0000022f4a413800 JavaThread "Cancel handler" [_thread_blocked, id=12776, stack(0x00000096b5500000,0x00000096b5600000)]
  0x0000022f4a412000 JavaThread "Daemon worker Thread 2" [_thread_blocked, id=2588, stack(0x00000096b5600000,0x00000096b5700000)]
  0x0000022f4a40e800 JavaThread "Asynchronous log dispatcher for DefaultDaemonConnection: socket connection from /127.0.0.1:62968 to /127.0.0.1:49958" [_thread_blocked, id=14536, stack(0x00000096b5700000,0x00000096b5800000)]
  0x0000022f4a414800 JavaThread "Stdin handler" [_thread_blocked, id=10832, stack(0x00000096b5800000,0x00000096b5900000)]
  0x0000022f4a415800 JavaThread "Daemon client event forwarder" [_thread_blocked, id=15256, stack(0x00000096b5900000,0x00000096b5a00000)]
  0x0000022f4a416000 JavaThread "Cache worker for file hash cache (D:\AndroidBD\.gradle\7.2\fileHashes)" [_thread_blocked, id=5984, stack(0x00000096b5a00000,0x00000096b5b00000)]
  0x0000022f4a410800 JavaThread "Cache worker for checksums cache (D:\AndroidBD\.gradle\checksums)" [_thread_blocked, id=8264, stack(0x00000096b6300000,0x00000096b6400000)]
  0x0000022f4a417800 JavaThread "Cache worker for cache directory md-supplier (C:\Users\User\.gradle\caches\7.2\md-supplier)" [_thread_blocked, id=15772, stack(0x00000096b6f00000,0x00000096b7000000)]
  0x0000022f4a419800 JavaThread "Cache worker for cache directory md-rule (C:\Users\User\.gradle\caches\7.2\md-rule)" [_thread_blocked, id=12716, stack(0x00000096b7000000,0x00000096b7100000)]
  0x0000022f4a41a000 JavaThread "Cache worker for dependencies-accessors (D:\AndroidBD\.gradle\7.2\dependencies-accessors)" [_thread_blocked, id=1636, stack(0x00000096b7100000,0x00000096b7200000)]
  0x0000022f4a418800 JavaThread "Cache worker for Build Output Cleanup Cache (D:\AndroidBD\.gradle\buildOutputCleanup)" [_thread_blocked, id=9816, stack(0x00000096b6400000,0x00000096b6500000)]
  0x0000022f4a41b000 JavaThread "Unconstrained build operations" [_thread_blocked, id=17480, stack(0x00000096b7500000,0x00000096b7600000)]
  0x0000022f484a6000 JavaThread "Unconstrained build operations Thread 2" [_thread_blocked, id=7668, stack(0x00000096b7600000,0x00000096b7700000)]
  0x0000022f484ac800 JavaThread "Unconstrained build operations Thread 3" [_thread_blocked, id=9056, stack(0x00000096b7700000,0x00000096b7800000)]
  0x0000022f484a7800 JavaThread "Unconstrained build operations Thread 4" [_thread_blocked, id=3824, stack(0x00000096b7800000,0x00000096b7900000)]
  0x0000022f484ae000 JavaThread "Unconstrained build operations Thread 5" [_thread_blocked, id=16156, stack(0x00000096b7900000,0x00000096b7a00000)]
  0x0000022f484a8800 JavaThread "Unconstrained build operations Thread 6" [_thread_blocked, id=10716, stack(0x00000096b7a00000,0x00000096b7b00000)]
  0x0000022f478f5800 JavaThread "Unconstrained build operations Thread 7" [_thread_blocked, id=13496, stack(0x00000096b7b00000,0x00000096b7c00000)]
  0x0000022f478f0000 JavaThread "Unconstrained build operations Thread 8" [_thread_blocked, id=7628, stack(0x00000096b7c00000,0x00000096b7d00000)]
  0x0000022f478f1800 JavaThread "Unconstrained build operations Thread 9" [_thread_blocked, id=17700, stack(0x00000096b7d00000,0x00000096b7e00000)]
  0x0000022f4aec3800 JavaThread "Unconstrained build operations Thread 10" [_thread_blocked, id=17836, stack(0x00000096b7e00000,0x00000096b7f00000)]
  0x0000022f4aebf000 JavaThread "Unconstrained build operations Thread 11" [_thread_blocked, id=6612, stack(0x00000096b7f00000,0x00000096b8000000)]
  0x0000022f4aec4000 JavaThread "Unconstrained build operations Thread 12" [_thread_blocked, id=17844, stack(0x00000096b8000000,0x00000096b8100000)]
  0x0000022f4aec5000 JavaThread "Unconstrained build operations Thread 13" [_thread_blocked, id=11540, stack(0x00000096b8100000,0x00000096b8200000)]
  0x0000022f4aec1000 JavaThread "Unconstrained build operations Thread 14" [_thread_blocked, id=18192, stack(0x00000096b8200000,0x00000096b8300000)]
  0x0000022f4aec1800 JavaThread "Unconstrained build operations Thread 15" [_thread_blocked, id=14664, stack(0x00000096b8300000,0x00000096b8400000)]
  0x0000022f4aec6000 JavaThread "Unconstrained build operations Thread 16" [_thread_blocked, id=16516, stack(0x00000096b8400000,0x00000096b8500000)]
  0x0000022f4aec2800 JavaThread "Unconstrained build operations Thread 17" [_thread_blocked, id=11600, stack(0x00000096b8500000,0x00000096b8600000)]
  0x0000022f4aec0000 JavaThread "Unconstrained build operations Thread 18" [_thread_blocked, id=11364, stack(0x00000096b8600000,0x00000096b8700000)]
  0x0000022f4aeca800 JavaThread "Unconstrained build operations Thread 19" [_thread_blocked, id=16212, stack(0x00000096b8700000,0x00000096b8800000)]
  0x0000022f4aec9000 JavaThread "Unconstrained build operations Thread 20" [_thread_blocked, id=9576, stack(0x00000096b8800000,0x00000096b8900000)]
  0x0000022f4aec6800 JavaThread "Unconstrained build operations Thread 21" [_thread_blocked, id=11820, stack(0x00000096b8900000,0x00000096b8a00000)]
  0x0000022f4aec8000 JavaThread "Unconstrained build operations Thread 22" [_thread_blocked, id=17728, stack(0x00000096b8a00000,0x00000096b8b00000)]
  0x0000022f4aeca000 JavaThread "Unconstrained build operations Thread 23" [_thread_blocked, id=4696, stack(0x00000096b8b00000,0x00000096b8c00000)]
  0x0000022f4aecb800 JavaThread "Unconstrained build operations Thread 24" [_thread_blocked, id=10436, stack(0x00000096b8c00000,0x00000096b8d00000)]
  0x0000022f4aecc800 JavaThread "Unconstrained build operations Thread 25" [_thread_blocked, id=11180, stack(0x00000096b8d00000,0x00000096b8e00000)]
  0x0000022f4aecd000 JavaThread "Unconstrained build operations Thread 26" [_thread_blocked, id=2632, stack(0x00000096b8e00000,0x00000096b8f00000)]
  0x0000022f4aec7800 JavaThread "Unconstrained build operations Thread 27" [_thread_blocked, id=17352, stack(0x00000096b8f00000,0x00000096b9000000)]
  0x0000022f4aece000 JavaThread "Unconstrained build operations Thread 28" [_thread_blocked, id=10316, stack(0x00000096b9000000,0x00000096b9100000)]
  0x0000022f4a932000 JavaThread "Unconstrained build operations Thread 29" [_thread_blocked, id=10528, stack(0x00000096b9100000,0x00000096b9200000)]
  0x0000022f4a934800 JavaThread "Unconstrained build operations Thread 30" [_thread_blocked, id=9628, stack(0x00000096b9200000,0x00000096b9300000)]
  0x0000022f4a932800 JavaThread "Unconstrained build operations Thread 31" [_thread_blocked, id=3592, stack(0x00000096b9300000,0x00000096b9400000)]
  0x0000022f4a930800 JavaThread "Unconstrained build operations Thread 32" [_thread_blocked, id=11732, stack(0x00000096b9400000,0x00000096b9500000)]
  0x0000022f4a936000 JavaThread "Unconstrained build operations Thread 33" [_thread_blocked, id=11992, stack(0x00000096b9500000,0x00000096b9600000)]
  0x0000022f4a933800 JavaThread "Unconstrained build operations Thread 34" [_thread_blocked, id=2392, stack(0x00000096b9600000,0x00000096b9700000)]
  0x0000022f4a931000 JavaThread "Unconstrained build operations Thread 35" [_thread_blocked, id=13576, stack(0x00000096b9700000,0x00000096b9800000)]
  0x0000022f4a937800 JavaThread "Unconstrained build operations Thread 36" [_thread_blocked, id=16132, stack(0x00000096b9800000,0x00000096b9900000)]
  0x0000022f4a939800 JavaThread "Unconstrained build operations Thread 37" [_thread_blocked, id=17332, stack(0x00000096b9900000,0x00000096b9a00000)]
  0x0000022f4a93a000 JavaThread "Unconstrained build operations Thread 38" [_thread_blocked, id=15228, stack(0x00000096b9a00000,0x00000096b9b00000)]
  0x0000022f4a935000 JavaThread "Unconstrained build operations Thread 39" [_thread_blocked, id=1160, stack(0x00000096b9b00000,0x00000096b9c00000)]
  0x0000022f4a93b800 JavaThread "Unconstrained build operations Thread 40" [_thread_blocked, id=4144, stack(0x00000096b9c00000,0x00000096b9d00000)]
  0x0000022f4a93b000 JavaThread "Unconstrained build operations Thread 41" [_thread_blocked, id=12296, stack(0x00000096b9d00000,0x00000096b9e00000)]
  0x0000022f4a938800 JavaThread "Unconstrained build operations Thread 42" [_thread_blocked, id=6416, stack(0x00000096b9e00000,0x00000096b9f00000)]
  0x0000022f4a93c800 JavaThread "Unconstrained build operations Thread 43" [_thread_blocked, id=16492, stack(0x00000096b9f00000,0x00000096ba000000)]
  0x0000022f4a937000 JavaThread "Unconstrained build operations Thread 44" [_thread_blocked, id=15564, stack(0x00000096ba000000,0x00000096ba100000)]
  0x0000022f4a93d800 JavaThread "Unconstrained build operations Thread 45" [_thread_blocked, id=17360, stack(0x00000096ba100000,0x00000096ba200000)]
  0x0000022f4a93e000 JavaThread "Unconstrained build operations Thread 46" [_thread_blocked, id=17968, stack(0x00000096ba200000,0x00000096ba300000)]
  0x0000022f4a93f000 JavaThread "Unconstrained build operations Thread 47" [_thread_blocked, id=9320, stack(0x00000096ba300000,0x00000096ba400000)]
  0x0000022f4a949000 JavaThread "Unconstrained build operations Thread 48" [_thread_blocked, id=5068, stack(0x00000096ba400000,0x00000096ba500000)]
  0x0000022f4a94a000 JavaThread "Unconstrained build operations Thread 49" [_thread_blocked, id=14832, stack(0x00000096ba500000,0x00000096ba600000)]
  0x0000022f4a94d000 JavaThread "Unconstrained build operations Thread 50" [_thread_blocked, id=13892, stack(0x00000096ba600000,0x00000096ba700000)]
  0x0000022f4a94c800 JavaThread "Unconstrained build operations Thread 51" [_thread_blocked, id=6464, stack(0x00000096ba700000,0x00000096ba800000)]
  0x0000022f4a94b800 JavaThread "Unconstrained build operations Thread 52" [_thread_blocked, id=7544, stack(0x00000096ba800000,0x00000096ba900000)]
  0x0000022f4a94e000 JavaThread "Unconstrained build operations Thread 53" [_thread_blocked, id=14704, stack(0x00000096ba900000,0x00000096baa00000)]
  0x0000022f4a948800 JavaThread "Unconstrained build operations Thread 54" [_thread_blocked, id=6164, stack(0x00000096baa00000,0x00000096bab00000)]
  0x0000022f4a94a800 JavaThread "Unconstrained build operations Thread 55" [_thread_blocked, id=17860, stack(0x00000096bab00000,0x00000096bac00000)]
  0x0000022f4a94f000 JavaThread "Unconstrained build operations Thread 56" [_thread_blocked, id=17696, stack(0x00000096bac00000,0x00000096bad00000)]
  0x0000022f4a952000 JavaThread "Unconstrained build operations Thread 57" [_thread_blocked, id=9048, stack(0x00000096bad00000,0x00000096bae00000)]
  0x0000022f4a950800 JavaThread "Unconstrained build operations Thread 58" [_thread_blocked, id=3528, stack(0x00000096bae00000,0x00000096baf00000)]
  0x0000022f4a951800 JavaThread "Unconstrained build operations Thread 59" [_thread_blocked, id=8840, stack(0x00000096baf00000,0x00000096bb000000)]
  0x0000022f4a953000 JavaThread "Unconstrained build operations Thread 60" [_thread_blocked, id=13776, stack(0x00000096bb000000,0x00000096bb100000)]
  0x0000022f4a953800 JavaThread "Unconstrained build operations Thread 61" [_thread_blocked, id=6644, stack(0x00000096bb100000,0x00000096bb200000)]
  0x0000022f4a954800 JavaThread "Unconstrained build operations Thread 62" [_thread_blocked, id=12592, stack(0x00000096bb200000,0x00000096bb300000)]
  0x0000022f4a955800 JavaThread "Unconstrained build operations Thread 63" [_thread_blocked, id=11848, stack(0x00000096bb300000,0x00000096bb400000)]
  0x0000022f4a94f800 JavaThread "Unconstrained build operations Thread 64" [_thread_blocked, id=6564, stack(0x00000096bb400000,0x00000096bb500000)]
  0x0000022f4a956000 JavaThread "Unconstrained build operations Thread 65" [_thread_blocked, id=2456, stack(0x00000096bb500000,0x00000096bb600000)]
  0x0000022f4a957000 JavaThread "Unconstrained build operations Thread 66" [_thread_blocked, id=9868, stack(0x00000096bb600000,0x00000096bb700000)]
  0x0000022f49d79800 JavaThread "Unconstrained build operations Thread 67" [_thread_blocked, id=4800, stack(0x00000096bb700000,0x00000096bb800000)]
  0x0000022f49d7d000 JavaThread "Unconstrained build operations Thread 68" [_thread_blocked, id=16228, stack(0x00000096bb800000,0x00000096bb900000)]
  0x0000022f49d7a800 JavaThread "Unconstrained build operations Thread 69" [_thread_blocked, id=10636, stack(0x00000096bb900000,0x00000096bba00000)]
  0x0000022f49d7c000 JavaThread "Unconstrained build operations Thread 70" [_thread_blocked, id=11216, stack(0x00000096bba00000,0x00000096bbb00000)]
  0x0000022f49d7d800 JavaThread "Unconstrained build operations Thread 71" [_thread_blocked, id=8864, stack(0x00000096bbb00000,0x00000096bbc00000)]
  0x0000022f49d7e800 JavaThread "Unconstrained build operations Thread 72" [_thread_blocked, id=4560, stack(0x00000096bbc00000,0x00000096bbd00000)]
  0x0000022f49d7f800 JavaThread "Unconstrained build operations Thread 73" [_thread_blocked, id=12040, stack(0x00000096bbd00000,0x00000096bbe00000)]
  0x0000022f49d80000 JavaThread "Unconstrained build operations Thread 74" [_thread_blocked, id=13016, stack(0x00000096bbe00000,0x00000096bbf00000)]
  0x0000022f49d81000 JavaThread "Unconstrained build operations Thread 75" [_thread_blocked, id=11164, stack(0x00000096bbf00000,0x00000096bc000000)]
  0x0000022f49d7b000 JavaThread "Unconstrained build operations Thread 76" [_thread_blocked, id=8104, stack(0x00000096bc000000,0x00000096bc100000)]
  0x0000022f49d86800 JavaThread "Unconstrained build operations Thread 77" [_thread_blocked, id=2972, stack(0x00000096bc100000,0x00000096bc200000)]
  0x0000022f49d84000 JavaThread "Unconstrained build operations Thread 78" [_thread_blocked, id=8916, stack(0x00000096bc200000,0x00000096bc300000)]
  0x0000022f49d82000 JavaThread "Unconstrained build operations Thread 79" [_thread_blocked, id=17884, stack(0x00000096bc300000,0x00000096bc400000)]
  0x0000022f49d88800 JavaThread "Unconstrained build operations Thread 80" [_thread_blocked, id=10412, stack(0x00000096bc400000,0x00000096bc500000)]
  0x0000022f49d87800 JavaThread "build event listener" [_thread_blocked, id=11336, stack(0x00000096b7400000,0x00000096b7500000)]
  0x0000022f49d82800 JavaThread "pool-6-thread-1" [_thread_blocked, id=5124, stack(0x00000096bc500000,0x00000096bc600000)]
  0x0000022f49d83800 JavaThread "build event listener" [_thread_blocked, id=10556, stack(0x00000096bc600000,0x00000096bc700000)]
  0x0000022f49d85000 JavaThread "Execution worker for ':'" [_thread_blocked, id=960, stack(0x00000096bc700000,0x00000096bc800000)]
  0x0000022f49d86000 JavaThread "Execution worker for ':' Thread 2" [_thread_blocked, id=10932, stack(0x00000096bc800000,0x00000096bc900000)]
  0x0000022f4a417000 JavaThread "Execution worker for ':' Thread 3" [_thread_blocked, id=15016, stack(0x00000096bc900000,0x00000096bca00000)]
  0x0000022f50f35000 JavaThread "Execution worker for ':' Thread 4" [_thread_blocked, id=12360, stack(0x00000096bca00000,0x00000096bcb00000)]
  0x0000022f50f33800 JavaThread "Execution worker for ':' Thread 5" [_thread_in_vm, id=9884, stack(0x00000096bcb00000,0x00000096bcc00000)]
  0x0000022f50f32800 JavaThread "Execution worker for ':' Thread 6" [_thread_blocked, id=12980, stack(0x00000096bcc00000,0x00000096bcd00000)]
  0x0000022f50f30000 JavaThread "Execution worker for ':' Thread 7" [_thread_blocked, id=7948, stack(0x00000096bcd00000,0x00000096bce00000)]
  0x0000022f50f31800 JavaThread "Cache worker for execution history cache (D:\AndroidBD\.gradle\7.2\executionHistory)" [_thread_blocked, id=17256, stack(0x00000096bce00000,0x00000096bcf00000)]
  0x0000022f50f2f800 JavaThread "WorkerExecutor Queue Thread 2" [_thread_blocked, id=2884, stack(0x00000096bd100000,0x00000096bd200000)]
  0x0000022f50f34000 JavaThread "WorkerExecutor Queue Thread 3" [_thread_blocked, id=8, stack(0x00000096bd000000,0x00000096bd100000)]
  0x0000022f50f36000 JavaThread "C2 CompilerThread1" daemon [_thread_in_native, id=17496, stack(0x00000096bcf00000,0x00000096bd000000)]

Other Threads:
  0x0000022f47886000 VMThread "VM Thread" [stack: 0x00000096b4100000,0x00000096b4200000] [id=5032] _threads_hazard_ptr=0x0000022f4f0b5750
  0x0000022f47a77800 WatcherThread [stack: 0x00000096b4b00000,0x00000096b4c00000] [id=15212]
  0x0000022f2cc27000 GCTaskThread "GC Thread#0" [stack: 0x00000096b3c00000,0x00000096b3d00000] [id=11964]
  0x0000022f4858e000 GCTaskThread "GC Thread#1" [stack: 0x00000096b4d00000,0x00000096b4e00000] [id=9440]
  0x0000022f49b1d000 GCTaskThread "GC Thread#2" [stack: 0x00000096b4f00000,0x00000096b5000000] [id=13888]
  0x0000022f48aac800 GCTaskThread "GC Thread#3" [stack: 0x00000096b5000000,0x00000096b5100000] [id=1140]
  0x0000022f4862b000 GCTaskThread "GC Thread#4" [stack: 0x00000096b5b00000,0x00000096b5c00000] [id=12852]
  0x0000022f4862b800 GCTaskThread "GC Thread#5" [stack: 0x00000096b5c00000,0x00000096b5d00000] [id=16040]
  0x0000022f4a363000 GCTaskThread "GC Thread#6" [stack: 0x00000096b5d00000,0x00000096b5e00000] [id=13936]
  0x0000022f4a364000 GCTaskThread "GC Thread#7" [stack: 0x00000096b5e00000,0x00000096b5f00000] [id=15304]
  0x0000022f2cc59800 ConcurrentGCThread "G1 Main Marker" [stack: 0x00000096b3d00000,0x00000096b3e00000] [id=13112]
  0x0000022f2cc5b000 ConcurrentGCThread "G1 Conc#0" [stack: 0x00000096b3e00000,0x00000096b3f00000] [id=2080]
  0x0000022f4ad93000 ConcurrentGCThread "G1 Conc#1" [stack: 0x00000096b6100000,0x00000096b6200000] [id=14996]
  0x0000022f2ccae000 ConcurrentGCThread "G1 Refine#0" [stack: 0x00000096b3f00000,0x00000096b4000000] [id=14580]
  0x0000022f494b0000 ConcurrentGCThread "G1 Refine#1" [stack: 0x00000096b5100000,0x00000096b5200000] [id=4820]
  0x0000022f4866d000 ConcurrentGCThread "G1 Refine#2" [stack: 0x00000096b5200000,0x00000096b5300000] [id=12068]
  0x0000022f46eb9800 ConcurrentGCThread "G1 Young RemSet Sampling" [stack: 0x00000096b4000000,0x00000096b4100000] [id=1072]

Threads with active compile tasks:
C2 CompilerThread06497839 17736       4       com.android.utils.XmlUtils::append (647 bytes)
C2 CompilerThread16497840 17836   !   4       org.apache.xerces.dom.CoreDocumentImpl::adoptNode (537 bytes)

VM state:synchronizing (normal execution)

VM Mutex/Monitor currently owned by a thread: None

Heap address: 0x0000000080000000, size: 2048 MB, Compressed Oops mode: 32-bit
Narrow klass base: 0x0000000000000000, Narrow klass shift: 3
Compressed class space size: 1073741824 Address: 0x0000000100000000

Heap:
 garbage-first heap   total 200704K, used 161835K [0x0000000080000000, 0x0000000100000000)
  region size 1024K, 18 young (18432K), 4 survivors (4096K)
 Metaspace       used 120299K, capacity 122966K, committed 123776K, reserved 1157120K
  class space    used 14824K, capacity 15823K, committed 16000K, reserved 1048576K
Heap Regions: E=young(eden), S=young(survivor), O=old, HS=humongous(starts), HC=humongous(continues), CS=collection set, F=free, A=archive, TAMS=top-at-mark-start (previous, next)
|   0|0x0000000080000000, 0x0000000080100000, 0x0000000080100000|100%| O|  |TAMS 0x0000000080100000, 0x0000000080100000| Untracked 
|   1|0x0000000080100000, 0x0000000080200000, 0x0000000080200000|100%| O|  |TAMS 0x0000000080200000, 0x0000000080200000| Untracked 
|   2|0x0000000080200000, 0x0000000080300000, 0x0000000080300000|100%| O|  |TAMS 0x0000000080300000, 0x0000000080300000| Untracked 
|   3|0x0000000080300000, 0x0000000080400000, 0x0000000080400000|100%|HS|  |TAMS 0x0000000080400000, 0x0000000080400000| Complete 
|   4|0x0000000080400000, 0x0000000080500000, 0x0000000080500000|100%|HC|  |TAMS 0x0000000080500000, 0x0000000080500000| Complete 
|   5|0x0000000080500000, 0x0000000080600000, 0x0000000080600000|100%|HC|  |TAMS 0x0000000080600000, 0x0000000080600000| Complete 
|   6|0x0000000080600000, 0x0000000080700000, 0x0000000080700000|100%| O|  |TAMS 0x0000000080700000, 0x0000000080700000| Untracked 
|   7|0x0000000080700000, 0x0000000080800000, 0x0000000080800000|100%| O|  |TAMS 0x0000000080800000, 0x0000000080800000| Untracked 
|   8|0x0000000080800000, 0x0000000080900000, 0x0000000080900000|100%| O|  |TAMS 0x0000000080900000, 0x0000000080900000| Untracked 
|   9|0x0000000080900000, 0x0000000080a00000, 0x0000000080a00000|100%| O|  |TAMS 0x0000000080a00000, 0x0000000080a00000| Untracked 
|  10|0x0000000080a00000, 0x0000000080b00000, 0x0000000080b00000|100%| O|  |TAMS 0x0000000080b00000, 0x0000000080b00000| Untracked 
|  11|0x0000000080b00000, 0x0000000080c00000, 0x0000000080c00000|100%| O|  |TAMS 0x0000000080c00000, 0x0000000080c00000| Untracked 
|  12|0x0000000080c00000, 0x0000000080d00000, 0x0000000080d00000|100%| O|  |TAMS 0x0000000080d00000, 0x0000000080d00000| Untracked 
|  13|0x0000000080d00000, 0x0000000080e00000, 0x0000000080e00000|100%| O|  |TAMS 0x0000000080e00000, 0x0000000080e00000| Untracked 
|  14|0x0000000080e00000, 0x0000000080f00000, 0x0000000080f00000|100%| O|  |TAMS 0x0000000080f00000, 0x0000000080f00000| Untracked 
|  15|0x0000000080f00000, 0x0000000081000000, 0x0000000081000000|100%|HS|  |TAMS 0x0000000081000000, 0x0000000081000000| Complete 
|  16|0x0000000081000000, 0x0000000081100000, 0x0000000081100000|100%|HC|  |TAMS 0x0000000081100000, 0x0000000081100000| Complete 
|  17|0x0000000081100000, 0x0000000081200000, 0x0000000081200000|100%|HS|  |TAMS 0x0000000081200000, 0x0000000081200000| Complete 
|  18|0x0000000081200000, 0x0000000081300000, 0x0000000081300000|100%|HC|  |TAMS 0x0000000081300000, 0x0000000081300000| Complete 
|  19|0x0000000081300000, 0x0000000081400000, 0x0000000081400000|100%|HC|  |TAMS 0x0000000081400000, 0x0000000081400000| Complete 
|  20|0x0000000081400000, 0x0000000081500000, 0x0000000081500000|100%|HS|  |TAMS 0x0000000081500000, 0x0000000081500000| Complete 
|  21|0x0000000081500000, 0x0000000081600000, 0x0000000081600000|100%|HC|  |TAMS 0x0000000081600000, 0x0000000081600000| Complete 
|  22|0x0000000081600000, 0x0000000081700000, 0x0000000081700000|100%|HC|  |TAMS 0x0000000081700000, 0x0000000081700000| Complete 
|  23|0x0000000081700000, 0x0000000081800000, 0x0000000081800000|100%|HC|  |TAMS 0x0000000081800000, 0x0000000081800000| Complete 
|  24|0x0000000081800000, 0x0000000081900000, 0x0000000081900000|100%| O|  |TAMS 0x0000000081900000, 0x0000000081900000| Untracked 
|  25|0x0000000081900000, 0x0000000081a00000, 0x0000000081a00000|100%| O|  |TAMS 0x0000000081a00000, 0x0000000081a00000| Untracked 
|  26|0x0000000081a00000, 0x0000000081b00000, 0x0000000081b00000|100%| O|  |TAMS 0x0000000081b00000, 0x0000000081b00000| Untracked 
|  27|0x0000000081b00000, 0x0000000081c00000, 0x0000000081c00000|100%| O|  |TAMS 0x0000000081c00000, 0x0000000081c00000| Untracked 
|  28|0x0000000081c00000, 0x0000000081d00000, 0x0000000081d00000|100%| O|  |TAMS 0x0000000081d00000, 0x0000000081d00000| Untracked 
|  29|0x0000000081d00000, 0x0000000081e00000, 0x0000000081e00000|100%| O|  |TAMS 0x0000000081e00000, 0x0000000081e00000| Untracked 
|  30|0x0000000081e00000, 0x0000000081f00000, 0x0000000081f00000|100%| O|  |TAMS 0x0000000081f00000, 0x0000000081f00000| Untracked 
|  31|0x0000000081f00000, 0x0000000082000000, 0x0000000082000000|100%| O|  |TAMS 0x0000000082000000, 0x0000000082000000| Untracked 
|  32|0x0000000082000000, 0x0000000082100000, 0x0000000082100000|100%|HS|  |TAMS 0x0000000082100000, 0x0000000082100000| Complete 
|  33|0x0000000082100000, 0x0000000082200000, 0x0000000082200000|100%|HC|  |TAMS 0x0000000082200000, 0x0000000082200000| Complete 
|  34|0x0000000082200000, 0x0000000082300000, 0x0000000082300000|100%|HC|  |TAMS 0x0000000082300000, 0x0000000082300000| Complete 
|  35|0x0000000082300000, 0x0000000082400000, 0x0000000082400000|100%| O|  |TAMS 0x0000000082400000, 0x0000000082400000| Untracked 
|  36|0x0000000082400000, 0x0000000082500000, 0x0000000082500000|100%| O|  |TAMS 0x0000000082500000, 0x0000000082500000| Untracked 
|  37|0x0000000082500000, 0x0000000082600000, 0x0000000082600000|100%| O|  |TAMS 0x0000000082600000, 0x0000000082600000| Untracked 
|  38|0x0000000082600000, 0x0000000082700000, 0x0000000082700000|100%| O|  |TAMS 0x0000000082700000, 0x0000000082700000| Untracked 
|  39|0x0000000082700000, 0x0000000082800000, 0x0000000082800000|100%| O|  |TAMS 0x0000000082800000, 0x0000000082800000| Untracked 
|  40|0x0000000082800000, 0x0000000082900000, 0x0000000082900000|100%| O|  |TAMS 0x0000000082900000, 0x0000000082900000| Untracked 
|  41|0x0000000082900000, 0x0000000082a00000, 0x0000000082a00000|100%| O|  |TAMS 0x0000000082a00000, 0x0000000082a00000| Untracked 
|  42|0x0000000082a00000, 0x0000000082b00000, 0x0000000082b00000|100%| O|  |TAMS 0x0000000082b00000, 0x0000000082b00000| Untracked 
|  43|0x0000000082b00000, 0x0000000082c00000, 0x0000000082c00000|100%| O|  |TAMS 0x0000000082b00000, 0x0000000082c00000| Untracked 
|  44|0x0000000082c00000, 0x0000000082d00000, 0x0000000082d00000|100%| O|  |TAMS 0x0000000082d00000, 0x0000000082d00000| Untracked 
|  45|0x0000000082d00000, 0x0000000082e00000, 0x0000000082e00000|100%| O|  |TAMS 0x0000000082d00000, 0x0000000082e00000| Untracked 
|  46|0x0000000082e00000, 0x0000000082f00000, 0x0000000082f00000|100%| O|  |TAMS 0x0000000082f00000, 0x0000000082f00000| Untracked 
|  47|0x0000000082f00000, 0x0000000083000000, 0x0000000083000000|100%| O|  |TAMS 0x0000000083000000, 0x0000000083000000| Untracked 
|  48|0x0000000083000000, 0x0000000083100000, 0x0000000083100000|100%| O|  |TAMS 0x0000000083100000, 0x0000000083100000| Untracked 
|  49|0x0000000083100000, 0x0000000083200000, 0x0000000083200000|100%| O|  |TAMS 0x0000000083200000, 0x0000000083200000| Untracked 
|  50|0x0000000083200000, 0x0000000083300000, 0x0000000083300000|100%|HS|  |TAMS 0x0000000083300000, 0x0000000083300000| Complete 
|  51|0x0000000083300000, 0x0000000083400000, 0x0000000083400000|100%|HC|  |TAMS 0x0000000083400000, 0x0000000083400000| Complete 
|  52|0x0000000083400000, 0x0000000083500000, 0x0000000083500000|100%|HC|  |TAMS 0x0000000083500000, 0x0000000083500000| Complete 
|  53|0x0000000083500000, 0x0000000083600000, 0x0000000083600000|100%|HC|  |TAMS 0x0000000083600000, 0x0000000083600000| Complete 
|  54|0x0000000083600000, 0x0000000083700000, 0x0000000083700000|100%|HS|  |TAMS 0x0000000083600000, 0x0000000083600000| Complete 
|  55|0x0000000083700000, 0x0000000083800000, 0x0000000083800000|100%|HS|  |TAMS 0x0000000083700000, 0x0000000083700000| Complete 
|  56|0x0000000083800000, 0x0000000083900000, 0x0000000083900000|100%| O|  |TAMS 0x0000000083900000, 0x0000000083900000| Untracked 
|  57|0x0000000083900000, 0x0000000083a00000, 0x0000000083a00000|100%| O|  |TAMS 0x0000000083a00000, 0x0000000083a00000| Untracked 
|  58|0x0000000083a00000, 0x0000000083b00000, 0x0000000083b00000|100%| O|  |TAMS 0x0000000083b00000, 0x0000000083b00000| Untracked 
|  59|0x0000000083b00000, 0x0000000083c00000, 0x0000000083c00000|100%| O|  |TAMS 0x0000000083c00000, 0x0000000083c00000| Untracked 
|  60|0x0000000083c00000, 0x0000000083d00000, 0x0000000083d00000|100%| O|  |TAMS 0x0000000083c00000, 0x0000000083d00000| Untracked 
|  61|0x0000000083d00000, 0x0000000083e00000, 0x0000000083e00000|100%| O|  |TAMS 0x0000000083d00000, 0x0000000083e00000| Untracked 
|  62|0x0000000083e00000, 0x0000000083f00000, 0x0000000083f00000|100%| O|  |TAMS 0x0000000083e00000, 0x0000000083f00000| Untracked 
|  63|0x0000000083f00000, 0x0000000084000000, 0x0000000084000000|100%| O|  |TAMS 0x0000000083f00000, 0x0000000084000000| Untracked 
|  64|0x0000000084000000, 0x0000000084100000, 0x0000000084100000|100%| O|  |TAMS 0x0000000084069400, 0x0000000084100000| Untracked 
|  65|0x0000000084100000, 0x0000000084200000, 0x0000000084200000|100%| O|  |TAMS 0x0000000084200000, 0x0000000084200000| Untracked 
|  66|0x0000000084200000, 0x0000000084300000, 0x0000000084300000|100%|HS|  |TAMS 0x0000000084300000, 0x0000000084300000| Complete 
|  67|0x0000000084300000, 0x0000000084400000, 0x0000000084400000|100%|HS|  |TAMS 0x0000000084400000, 0x0000000084400000| Complete 
|  68|0x0000000084400000, 0x0000000084500000, 0x0000000084500000|100%|HS|  |TAMS 0x0000000084500000, 0x0000000084500000| Complete 
|  69|0x0000000084500000, 0x0000000084600000, 0x0000000084600000|100%|HS|  |TAMS 0x0000000084600000, 0x0000000084600000| Complete 
|  70|0x0000000084600000, 0x0000000084700000, 0x0000000084700000|100%|HC|  |TAMS 0x0000000084700000, 0x0000000084700000| Complete 
|  71|0x0000000084700000, 0x0000000084800000, 0x0000000084800000|100%| O|  |TAMS 0x0000000084800000, 0x0000000084800000| Untracked 
|  72|0x0000000084800000, 0x0000000084900000, 0x0000000084900000|100%| O|  |TAMS 0x0000000084900000, 0x0000000084900000| Untracked 
|  73|0x0000000084900000, 0x0000000084a00000, 0x0000000084a00000|100%| O|  |TAMS 0x0000000084900000, 0x0000000084a00000| Untracked 
|  74|0x0000000084a00000, 0x0000000084b00000, 0x0000000084b00000|100%| O|  |TAMS 0x0000000084b00000, 0x0000000084b00000| Untracked 
|  75|0x0000000084b00000, 0x0000000084b00000, 0x0000000084c00000|  0%| F|  |TAMS 0x0000000084b00000, 0x0000000084b00000| Untracked 
|  76|0x0000000084c00000, 0x0000000084d00000, 0x0000000084d00000|100%|HS|  |TAMS 0x0000000084c00000, 0x0000000084d00000| Complete 
|  77|0x0000000084d00000, 0x0000000084e00000, 0x0000000084e00000|100%| O|  |TAMS 0x0000000084e00000, 0x0000000084e00000| Untracked 
|  78|0x0000000084e00000, 0x0000000084f00000, 0x0000000084f00000|100%|HS|  |TAMS 0x0000000084f00000, 0x0000000084f00000| Complete 
|  79|0x0000000084f00000, 0x0000000085000000, 0x0000000085000000|100%|HC|  |TAMS 0x0000000085000000, 0x0000000085000000| Complete 
|  80|0x0000000085000000, 0x0000000085100000, 0x0000000085100000|100%|HS|  |TAMS 0x0000000085100000, 0x0000000085100000| Complete 
|  81|0x0000000085100000, 0x0000000085200000, 0x0000000085200000|100%|HC|  |TAMS 0x0000000085200000, 0x0000000085200000| Complete 
|  82|0x0000000085200000, 0x0000000085300000, 0x0000000085300000|100%|HC|  |TAMS 0x0000000085300000, 0x0000000085300000| Complete 
|  83|0x0000000085300000, 0x0000000085400000, 0x0000000085400000|100%|HS|  |TAMS 0x0000000085400000, 0x0000000085400000| Complete 
|  84|0x0000000085400000, 0x0000000085500000, 0x0000000085500000|100%|HC|  |TAMS 0x0000000085500000, 0x0000000085500000| Complete 
|  85|0x0000000085500000, 0x0000000085600000, 0x0000000085600000|100%|HC|  |TAMS 0x0000000085600000, 0x0000000085600000| Complete 
|  86|0x0000000085600000, 0x0000000085700000, 0x0000000085700000|100%|HC|  |TAMS 0x0000000085700000, 0x0000000085700000| Complete 
|  87|0x0000000085700000, 0x0000000085800000, 0x0000000085800000|100%| O|  |TAMS 0x0000000085800000, 0x0000000085800000| Untracked 
|  88|0x0000000085800000, 0x0000000085900000, 0x0000000085900000|100%| O|  |TAMS 0x0000000085900000, 0x0000000085900000| Untracked 
|  89|0x0000000085900000, 0x0000000085a00000, 0x0000000085a00000|100%| O|  |TAMS 0x0000000085a00000, 0x0000000085a00000| Untracked 
|  90|0x0000000085a00000, 0x0000000085b00000, 0x0000000085b00000|100%| O|  |TAMS 0x0000000085a00000, 0x0000000085b00000| Untracked 
|  91|0x0000000085b00000, 0x0000000085c00000, 0x0000000085c00000|100%| O|  |TAMS 0x0000000085b00000, 0x0000000085c00000| Untracked 
|  92|0x0000000085c00000, 0x0000000085d00000, 0x0000000085d00000|100%| O|  |TAMS 0x0000000085d00000, 0x0000000085d00000| Untracked 
|  93|0x0000000085d00000, 0x0000000085e00000, 0x0000000085e00000|100%| O|  |TAMS 0x0000000085d00000, 0x0000000085e00000| Untracked 
|  94|0x0000000085e00000, 0x0000000085f00000, 0x0000000085f00000|100%| O|  |TAMS 0x0000000085e00000, 0x0000000085f00000| Untracked 
|  95|0x0000000085f00000, 0x0000000086000000, 0x0000000086000000|100%| O|  |TAMS 0x0000000086000000, 0x0000000086000000| Untracked 
|  96|0x0000000086000000, 0x0000000086100000, 0x0000000086100000|100%| O|  |TAMS 0x0000000086000000, 0x0000000086100000| Untracked 
|  97|0x0000000086100000, 0x0000000086200000, 0x0000000086200000|100%| O|  |TAMS 0x0000000086200000, 0x0000000086200000| Untracked 
|  98|0x0000000086200000, 0x0000000086300000, 0x0000000086300000|100%| O|  |TAMS 0x0000000086300000, 0x0000000086300000| Untracked 
|  99|0x0000000086300000, 0x0000000086400000, 0x0000000086400000|100%| O|  |TAMS 0x0000000086400000, 0x0000000086400000| Untracked 
| 100|0x0000000086400000, 0x0000000086500000, 0x0000000086500000|100%| O|  |TAMS 0x0000000086400000, 0x0000000086500000| Untracked 
| 101|0x0000000086500000, 0x0000000086600000, 0x0000000086600000|100%| O|  |TAMS 0x0000000086600000, 0x0000000086600000| Untracked 
| 102|0x0000000086600000, 0x0000000086700000, 0x0000000086700000|100%| O|  |TAMS 0x0000000086700000, 0x0000000086700000| Untracked 
| 103|0x0000000086700000, 0x0000000086800000, 0x0000000086800000|100%|HS|  |TAMS 0x0000000086700000, 0x0000000086700000| Complete 
| 104|0x0000000086800000, 0x0000000086900000, 0x0000000086900000|100%|HC|  |TAMS 0x0000000086800000, 0x0000000086800000| Complete 
| 105|0x0000000086900000, 0x0000000086980a00, 0x0000000086a00000| 50%| O|  |TAMS 0x0000000086900000, 0x0000000086980a00| Untracked 
| 106|0x0000000086a00000, 0x0000000086b00000, 0x0000000086b00000|100%| O|  |TAMS 0x0000000086b00000, 0x0000000086b00000| Untracked 
| 107|0x0000000086b00000, 0x0000000086c00000, 0x0000000086c00000|100%| O|  |TAMS 0x0000000086c00000, 0x0000000086c00000| Untracked 
| 108|0x0000000086c00000, 0x0000000086d00000, 0x0000000086d00000|100%|HS|  |TAMS 0x0000000086c00000, 0x0000000086c00000| Complete 
| 109|0x0000000086d00000, 0x0000000086e00000, 0x0000000086e00000|100%|HC|  |TAMS 0x0000000086d00000, 0x0000000086d00000| Complete 
| 110|0x0000000086e00000, 0x0000000086f00000, 0x0000000086f00000|100%| O|  |TAMS 0x0000000086e00000, 0x0000000086f00000| Untracked 
| 111|0x0000000086f00000, 0x0000000087000000, 0x0000000087000000|100%| O|  |TAMS 0x0000000086f00000, 0x0000000087000000| Untracked 
| 112|0x0000000087000000, 0x0000000087100000, 0x0000000087100000|100%|HS|  |TAMS 0x0000000087000000, 0x0000000087000000| Complete 
| 113|0x0000000087100000, 0x0000000087200000, 0x0000000087200000|100%|HC|  |TAMS 0x0000000087100000, 0x0000000087100000| Complete 
| 114|0x0000000087200000, 0x0000000087300000, 0x0000000087300000|100%| O|  |TAMS 0x0000000087300000, 0x0000000087300000| Untracked 
| 115|0x0000000087300000, 0x0000000087400000, 0x0000000087400000|100%| O|  |TAMS 0x0000000087300000, 0x0000000087400000| Untracked 
| 116|0x0000000087400000, 0x0000000087500000, 0x0000000087500000|100%| O|  |TAMS 0x0000000087400000, 0x0000000087500000| Untracked 
| 117|0x0000000087500000, 0x0000000087500000, 0x0000000087600000|  0%| F|  |TAMS 0x0000000087500000, 0x0000000087500000| Untracked 
| 118|0x0000000087600000, 0x0000000087700000, 0x0000000087700000|100%| O|  |TAMS 0x0000000087600000, 0x0000000087700000| Untracked 
| 119|0x0000000087700000, 0x0000000087800000, 0x0000000087800000|100%| O|  |TAMS 0x0000000087800000, 0x0000000087800000| Untracked 
| 120|0x0000000087800000, 0x0000000087900000, 0x0000000087900000|100%| O|  |TAMS 0x0000000087900000, 0x0000000087900000| Untracked 
| 121|0x0000000087900000, 0x0000000087a00000, 0x0000000087a00000|100%| O|  |TAMS 0x0000000087a00000, 0x0000000087a00000| Untracked 
| 122|0x0000000087a00000, 0x0000000087b00000, 0x0000000087b00000|100%| O|  |TAMS 0x0000000087b00000, 0x0000000087b00000| Untracked 
| 123|0x0000000087b00000, 0x0000000087c00000, 0x0000000087c00000|100%| O|  |TAMS 0x0000000087c00000, 0x0000000087c00000| Untracked 
| 124|0x0000000087c00000, 0x0000000087d00000, 0x0000000087d00000|100%| O|  |TAMS 0x0000000087d00000, 0x0000000087d00000| Untracked 
| 125|0x0000000087d00000, 0x0000000087e00000, 0x0000000087e00000|100%| O|  |TAMS 0x0000000087e00000, 0x0000000087e00000| Untracked 
| 126|0x0000000087e00000, 0x0000000087f00000, 0x0000000087f00000|100%| O|  |TAMS 0x0000000087f00000, 0x0000000087f00000| Untracked 
| 127|0x0000000087f00000, 0x0000000088000000, 0x0000000088000000|100%| O|  |TAMS 0x0000000088000000, 0x0000000088000000| Untracked 
| 128|0x0000000088000000, 0x0000000088100000, 0x0000000088100000|100%| O|  |TAMS 0x0000000088100000, 0x0000000088100000| Untracked 
| 129|0x0000000088100000, 0x0000000088200000, 0x0000000088200000|100%| O|  |TAMS 0x0000000088200000, 0x0000000088200000| Untracked 
| 130|0x0000000088200000, 0x0000000088300000, 0x0000000088300000|100%| O|  |TAMS 0x0000000088300000, 0x0000000088300000| Untracked 
| 131|0x0000000088300000, 0x0000000088400000, 0x0000000088400000|100%| O|  |TAMS 0x0000000088400000, 0x0000000088400000| Untracked 
| 132|0x0000000088400000, 0x0000000088500000, 0x0000000088500000|100%| O|  |TAMS 0x0000000088500000, 0x0000000088500000| Untracked 
| 133|0x0000000088500000, 0x0000000088500000, 0x0000000088600000|  0%| F|  |TAMS 0x0000000088500000, 0x0000000088500000| Untracked 
| 134|0x0000000088600000, 0x0000000088700000, 0x0000000088700000|100%| O|  |TAMS 0x0000000088600000, 0x0000000088700000| Untracked 
| 135|0x0000000088700000, 0x0000000088800000, 0x0000000088800000|100%| O|  |TAMS 0x0000000088700000, 0x0000000088800000| Untracked 
| 136|0x0000000088800000, 0x0000000088900000, 0x0000000088900000|100%| O|  |TAMS 0x0000000088800000, 0x0000000088900000| Untracked 
| 137|0x0000000088900000, 0x0000000088a00000, 0x0000000088a00000|100%| O|  |TAMS 0x0000000088900000, 0x0000000088a00000| Untracked 
| 138|0x0000000088a00000, 0x0000000088b00000, 0x0000000088b00000|100%| O|  |TAMS 0x0000000088a00000, 0x0000000088b00000| Untracked 
| 139|0x0000000088b00000, 0x0000000088c00000, 0x0000000088c00000|100%| O|  |TAMS 0x0000000088b00000, 0x0000000088c00000| Untracked 
| 140|0x0000000088c00000, 0x0000000088d00000, 0x0000000088d00000|100%| O|  |TAMS 0x0000000088c00000, 0x0000000088d00000| Untracked 
| 141|0x0000000088d00000, 0x0000000088e00000, 0x0000000088e00000|100%| O|  |TAMS 0x0000000088d00000, 0x0000000088e00000| Untracked 
| 142|0x0000000088e00000, 0x0000000088e00000, 0x0000000088f00000|  0%| F|  |TAMS 0x0000000088e00000, 0x0000000088e00000| Untracked 
| 143|0x0000000088f00000, 0x0000000088f00000, 0x0000000089000000|  0%| F|  |TAMS 0x0000000088f00000, 0x0000000088f00000| Untracked 
| 144|0x0000000089000000, 0x0000000089000000, 0x0000000089100000|  0%| F|  |TAMS 0x0000000089000000, 0x0000000089000000| Untracked 
| 145|0x0000000089100000, 0x0000000089200000, 0x0000000089200000|100%| O|  |TAMS 0x0000000089100000, 0x0000000089200000| Untracked 
| 146|0x0000000089200000, 0x0000000089300000, 0x0000000089300000|100%| O|  |TAMS 0x0000000089200000, 0x0000000089300000| Untracked 
| 147|0x0000000089300000, 0x0000000089400000, 0x0000000089400000|100%| O|  |TAMS 0x0000000089300000, 0x0000000089400000| Untracked 
| 148|0x0000000089400000, 0x0000000089400000, 0x0000000089500000|  0%| F|  |TAMS 0x0000000089400000, 0x0000000089400000| Untracked 
| 149|0x0000000089500000, 0x0000000089500000, 0x0000000089600000|  0%| F|  |TAMS 0x0000000089500000, 0x0000000089500000| Untracked 
| 150|0x0000000089600000, 0x0000000089600000, 0x0000000089700000|  0%| F|  |TAMS 0x0000000089600000, 0x0000000089600000| Untracked 
| 151|0x0000000089700000, 0x0000000089700000, 0x0000000089800000|  0%| F|  |TAMS 0x0000000089700000, 0x0000000089700000| Untracked 
| 152|0x0000000089800000, 0x0000000089800000, 0x0000000089900000|  0%| F|  |TAMS 0x0000000089800000, 0x0000000089800000| Untracked 
| 153|0x0000000089900000, 0x0000000089900000, 0x0000000089a00000|  0%| F|  |TAMS 0x0000000089900000, 0x0000000089900000| Untracked 
| 154|0x0000000089a00000, 0x0000000089a00000, 0x0000000089b00000|  0%| F|  |TAMS 0x0000000089a00000, 0x0000000089a00000| Untracked 
| 155|0x0000000089b00000, 0x0000000089b00000, 0x0000000089c00000|  0%| F|  |TAMS 0x0000000089b00000, 0x0000000089b00000| Untracked 
| 156|0x0000000089c00000, 0x0000000089c00000, 0x0000000089d00000|  0%| F|  |TAMS 0x0000000089c00000, 0x0000000089c00000| Untracked 
| 157|0x0000000089d00000, 0x0000000089d00000, 0x0000000089e00000|  0%| F|  |TAMS 0x0000000089d00000, 0x0000000089d00000| Untracked 
| 158|0x0000000089e00000, 0x0000000089e00000, 0x0000000089f00000|  0%| F|  |TAMS 0x0000000089e00000, 0x0000000089e00000| Untracked 
| 159|0x0000000089f00000, 0x0000000089f00000, 0x000000008a000000|  0%| F|  |TAMS 0x0000000089f00000, 0x0000000089f00000| Untracked 
| 160|0x000000008a000000, 0x000000008a000000, 0x000000008a100000|  0%| F|  |TAMS 0x000000008a000000, 0x000000008a000000| Untracked 
| 161|0x000000008a100000, 0x000000008a100000, 0x000000008a200000|  0%| F|  |TAMS 0x000000008a100000, 0x000000008a100000| Untracked 
| 162|0x000000008a200000, 0x000000008a200000, 0x000000008a300000|  0%| F|  |TAMS 0x000000008a200000, 0x000000008a200000| Untracked 
| 163|0x000000008a300000, 0x000000008a300000, 0x000000008a400000|  0%| F|  |TAMS 0x000000008a300000, 0x000000008a300000| Untracked 
| 164|0x000000008a400000, 0x000000008a400000, 0x000000008a500000|  0%| F|  |TAMS 0x000000008a400000, 0x000000008a400000| Untracked 
| 165|0x000000008a500000, 0x000000008a500000, 0x000000008a600000|  0%| F|  |TAMS 0x000000008a500000, 0x000000008a500000| Untracked 
| 166|0x000000008a600000, 0x000000008a600000, 0x000000008a700000|  0%| F|  |TAMS 0x000000008a600000, 0x000000008a600000| Untracked 
| 167|0x000000008a700000, 0x000000008a700000, 0x000000008a800000|  0%| F|  |TAMS 0x000000008a700000, 0x000000008a700000| Untracked 
| 168|0x000000008a800000, 0x000000008a800000, 0x000000008a900000|  0%| F|  |TAMS 0x000000008a800000, 0x000000008a800000| Untracked 
| 169|0x000000008a900000, 0x000000008a900000, 0x000000008aa00000|  0%| F|  |TAMS 0x000000008a900000, 0x000000008a900000| Untracked 
| 170|0x000000008aa00000, 0x000000008aa00000, 0x000000008ab00000|  0%| F|  |TAMS 0x000000008aa00000, 0x000000008aa00000| Untracked 
| 171|0x000000008ab00000, 0x000000008ab00000, 0x000000008ac00000|  0%| F|  |TAMS 0x000000008ab00000, 0x000000008ab00000| Untracked 
| 172|0x000000008ac00000, 0x000000008ac8a240, 0x000000008ad00000| 53%| S|CS|TAMS 0x000000008ac00000, 0x000000008ac00000| Complete 
| 173|0x000000008ad00000, 0x000000008ae00000, 0x000000008ae00000|100%| S|CS|TAMS 0x000000008ad00000, 0x000000008ad00000| Complete 
| 174|0x000000008ae00000, 0x000000008af00000, 0x000000008af00000|100%| S|CS|TAMS 0x000000008ae00000, 0x000000008ae00000| Complete 
| 175|0x000000008af00000, 0x000000008b000000, 0x000000008b000000|100%| S|CS|TAMS 0x000000008af00000, 0x000000008af00000| Complete 
| 176|0x000000008b000000, 0x000000008b000000, 0x000000008b100000|  0%| F|  |TAMS 0x000000008b000000, 0x000000008b000000| Untracked 
| 177|0x000000008b100000, 0x000000008b100000, 0x000000008b200000|  0%| F|  |TAMS 0x000000008b100000, 0x000000008b100000| Untracked 
| 178|0x000000008b200000, 0x000000008b200000, 0x000000008b300000|  0%| F|  |TAMS 0x000000008b200000, 0x000000008b200000| Untracked 
| 179|0x000000008b300000, 0x000000008b300000, 0x000000008b400000|  0%| F|  |TAMS 0x000000008b300000, 0x000000008b300000| Untracked 
| 180|0x000000008b400000, 0x000000008b400000, 0x000000008b500000|  0%| F|  |TAMS 0x000000008b400000, 0x000000008b400000| Untracked 
| 181|0x000000008b500000, 0x000000008b5ba748, 0x000000008b600000| 72%| E|  |TAMS 0x000000008b500000, 0x000000008b500000| Complete 
| 182|0x000000008b600000, 0x000000008b700000, 0x000000008b700000|100%| E|CS|TAMS 0x000000008b600000, 0x000000008b600000| Complete 
| 183|0x000000008b700000, 0x000000008b800000, 0x000000008b800000|100%| E|CS|TAMS 0x000000008b700000, 0x000000008b700000| Complete 
| 184|0x000000008b800000, 0x000000008b900000, 0x000000008b900000|100%| E|CS|TAMS 0x000000008b800000, 0x000000008b800000| Complete 
| 185|0x000000008b900000, 0x000000008ba00000, 0x000000008ba00000|100%| E|CS|TAMS 0x000000008b900000, 0x000000008b900000| Complete 
| 186|0x000000008ba00000, 0x000000008bb00000, 0x000000008bb00000|100%| E|CS|TAMS 0x000000008ba00000, 0x000000008ba00000| Complete 
| 187|0x000000008bb00000, 0x000000008bc00000, 0x000000008bc00000|100%| E|CS|TAMS 0x000000008bb00000, 0x000000008bb00000| Complete 
| 188|0x000000008bc00000, 0x000000008bd00000, 0x000000008bd00000|100%| E|CS|TAMS 0x000000008bc00000, 0x000000008bc00000| Complete 
| 189|0x000000008bd00000, 0x000000008be00000, 0x000000008be00000|100%| E|CS|TAMS 0x000000008bd00000, 0x000000008bd00000| Complete 
| 190|0x000000008be00000, 0x000000008bf00000, 0x000000008bf00000|100%| E|CS|TAMS 0x000000008be00000, 0x000000008be00000| Complete 
| 191|0x000000008bf00000, 0x000000008c000000, 0x000000008c000000|100%| E|CS|TAMS 0x000000008bf00000, 0x000000008bf00000| Complete 
| 192|0x000000008c000000, 0x000000008c100000, 0x000000008c100000|100%| E|CS|TAMS 0x000000008c000000, 0x000000008c000000| Complete 
| 193|0x000000008c100000, 0x000000008c200000, 0x000000008c200000|100%| E|CS|TAMS 0x000000008c100000, 0x000000008c100000| Complete 
| 194|0x000000008c200000, 0x000000008c300000, 0x000000008c300000|100%| E|CS|TAMS 0x000000008c200000, 0x000000008c200000| Complete 
| 195|0x000000008c300000, 0x000000008c400000, 0x000000008c400000|100%| E|CS|TAMS 0x000000008c300000, 0x000000008c300000| Complete 

Card table byte_map: [0x0000022f3fe00000,0x0000022f40200000] _byte_map_base: 0x0000022f3fa00000

Marking Bits (Prev, Next): (CMBitMap*) 0x0000022f2cc50e68, (CMBitMap*) 0x0000022f2cc50ea0
 Prev Bits: [0x0000022f40600000, 0x0000022f42600000)
 Next Bits: [0x0000022f42600000, 0x0000022f44600000)

Polling page: 0x0000022f2aa20000

Metaspace:

Usage:
  Non-class:    104.63 MB capacity,   103.00 MB ( 98%) used,     1.31 MB (  1%) free+waste,   321.44 KB ( <1%) overhead. 
      Class:     15.45 MB capacity,    14.48 MB ( 94%) used,   857.02 KB (  5%) free+waste,   141.00 KB ( <1%) overhead. 
       Both:    120.08 MB capacity,   117.48 MB ( 98%) used,     2.15 MB (  2%) free+waste,   462.44 KB ( <1%) overhead. 

Virtual space:
  Non-class space:      106.00 MB reserved,     105.25 MB (>99%) committed 
      Class space:        1.00 GB reserved,      15.63 MB (  2%) committed 
             Both:        1.10 GB reserved,     120.88 MB ( 11%) committed 

Chunk freelists:
   Non-Class:  441.00 KB
       Class:  177.00 KB
        Both:  618.00 KB

MaxMetaspaceSize: 17179869184.00 GB
CompressedClassSpaceSize: 1.00 GB

CodeHeap 'non-profiled nmethods': size=120000Kb used=12091Kb max_used=12091Kb free=107908Kb
 bounds [0x0000022f381a0000, 0x0000022f38d80000, 0x0000022f3f6d0000]
CodeHeap 'profiled nmethods': size=120000Kb used=38297Kb max_used=38297Kb free=81702Kb
 bounds [0x0000022f30c70000, 0x0000022f331f0000, 0x0000022f381a0000]
CodeHeap 'non-nmethods': size=5760Kb used=2352Kb max_used=2415Kb free=3408Kb
 bounds [0x0000022f306d0000, 0x0000022f30950000, 0x0000022f30c70000]
 total_blobs=17700 nmethods=16725 adapters=886
 compilation: enabled
              stopped_count=0, restarted_count=0
 full_count=0

Compilation events (20 events):
Event: 6493.662 Thread 0x0000022f478e2800 17728       4       org.apache.xerces.dom.ParentNode::item (6 bytes)
Event: 6493.670 Thread 0x0000022f478f3000 nmethod 17725 0x0000022f331c0110 code [0x0000022f331c02e0, 0x0000022f331c04d8]
Event: 6493.671 Thread 0x0000022f478f3000 17720       2       com.android.ide.common.blame.SourceFilePosition::equals (55 bytes)
Event: 6493.671 Thread 0x0000022f478f3000 nmethod 17720 0x0000022f331c0610 code [0x0000022f331c07e0, 0x0000022f331c0a98]
Event: 6493.671 Thread 0x0000022f478f3000 17710       1       com.android.utils.PositionXmlParser$Position::getColumn (5 bytes)
Event: 6493.671 Thread 0x0000022f478f3000 nmethod 17710 0x0000022f38d51a10 code [0x0000022f38d51bc0, 0x0000022f38d51c78]
Event: 6493.671 Thread 0x0000022f478f3000 17716       3       com.android.utils.PositionXmlParser$Position::toSourcePosition (69 bytes)
Event: 6493.672 Thread 0x0000022f478f3000 nmethod 17716 0x0000022f331c0c10 code [0x0000022f331c0de0, 0x0000022f331c1048]
Event: 6493.672 Thread 0x0000022f478f3000 17717       3       com.android.ide.common.blame.SourceFile::equals (55 bytes)
Event: 6493.672 Thread 0x0000022f478f3000 nmethod 17717 0x0000022f331c1190 code [0x0000022f331c13c0, 0x0000022f331c1b18]
Event: 6493.672 Thread 0x0000022f478f3000 17718       3       com.android.ide.common.blame.SourcePosition::hashCode (69 bytes)
Event: 6493.676 Thread 0x0000022f478e2800 nmethod 17728 0x0000022f38d51d10 code [0x0000022f38d51ec0, 0x0000022f38d52518]
Event: 6493.676 Thread 0x0000022f478e2800 17738       4       org.apache.xerces.dom.ElementImpl::getAttributes (36 bytes)
Event: 6493.683 Thread 0x0000022f478f3000 nmethod 17718 0x0000022f331c1d10 code [0x0000022f331c2060, 0x0000022f331c3a48]
Event: 6493.689 Thread 0x0000022f478e2800 nmethod 17738 0x0000022f38d52790 code [0x0000022f38d52940, 0x0000022f38d52cb8]
Event: 6493.689 Thread 0x0000022f478e2800 17730       4       com.android.utils.XmlUtils::toXmlTextValue (65 bytes)
Event: 6493.695 Thread 0x0000022f478e2800 nmethod 17730 0x0000022f38d52e90 code [0x0000022f38d53020, 0x0000022f38d53338]
Event: 6493.695 Thread 0x0000022f478e2800 17736       4       com.android.utils.XmlUtils::append (647 bytes)
Event: 6493.981 Thread 0x0000022f478f3000 17742       3       sun.nio.cs.UTF_8$Encoder::encodeArrayLoop (489 bytes)
Event: 6494.173 Thread 0x0000022f478f3000 nmethod 17742 0x0000022f331c4190 code [0x0000022f331c4780, 0x0000022f331c7ce8]

GC Heap History (20 events):
Event: 4460.260 GC heap before
{Heap before GC invocations=104 (full 0):
 garbage-first heap   total 200704K, used 171430K [0x0000000080000000, 0x0000000100000000)
  region size 1024K, 51 young (52224K), 4 survivors (4096K)
 Metaspace       used 115476K, capacity 118415K, committed 118784K, reserved 1153024K
  class space    used 14358K, capacity 15455K, committed 15616K, reserved 1048576K
}
Event: 4460.478 GC heap after
{Heap after GC invocations=105 (full 0):
 garbage-first heap   total 200704K, used 124182K [0x0000000080000000, 0x0000000100000000)
  region size 1024K, 4 young (4096K), 4 survivors (4096K)
 Metaspace       used 115476K, capacity 118415K, committed 118784K, reserved 1153024K
  class space    used 14358K, capacity 15455K, committed 15616K, reserved 1048576K
}
Event: 6476.277 GC heap before
{Heap before GC invocations=105 (full 0):
 garbage-first heap   total 200704K, used 173334K [0x0000000080000000, 0x0000000100000000)
  region size 1024K, 52 young (53248K), 4 survivors (4096K)
 Metaspace       used 115710K, capacity 118639K, committed 118784K, reserved 1153024K
  class space    used 14378K, capacity 15474K, committed 15616K, reserved 1048576K
}
Event: 6476.368 GC heap after
{Heap after GC invocations=106 (full 0):
 garbage-first heap   total 200704K, used 125504K [0x0000000080000000, 0x0000000100000000)
  region size 1024K, 6 young (6144K), 6 survivors (6144K)
 Metaspace       used 115710K, capacity 118639K, committed 118784K, reserved 1153024K
  class space    used 14378K, capacity 15474K, committed 15616K, reserved 1048576K
}
Event: 6480.595 GC heap before
{Heap before GC invocations=107 (full 0):
 garbage-first heap   total 200704K, used 171584K [0x0000000080000000, 0x0000000100000000)
  region size 1024K, 52 young (53248K), 6 survivors (6144K)
 Metaspace       used 116608K, capacity 119219K, committed 120192K, reserved 1153024K
  class space    used 14410K, capacity 15402K, committed 15744K, reserved 1048576K
}
Event: 6480.680 GC heap after
{Heap after GC invocations=108 (full 0):
 garbage-first heap   total 200704K, used 129799K [0x0000000080000000, 0x0000000100000000)
  region size 1024K, 7 young (7168K), 7 survivors (7168K)
 Metaspace       used 116608K, capacity 119219K, committed 120192K, reserved 1153024K
  class space    used 14410K, capacity 15402K, committed 15744K, reserved 1048576K
}
Event: 6480.805 GC heap before
{Heap before GC invocations=108 (full 0):
 garbage-first heap   total 200704K, used 131847K [0x0000000080000000, 0x0000000100000000)
  region size 1024K, 9 young (9216K), 7 survivors (7168K)
 Metaspace       used 116793K, capacity 119518K, committed 120448K, reserved 1155072K
  class space    used 14431K, capacity 15476K, committed 15744K, reserved 1048576K
}
Event: 6481.094 GC heap after
{Heap after GC invocations=109 (full 0):
 garbage-first heap   total 200704K, used 124407K [0x0000000080000000, 0x0000000100000000)
  region size 1024K, 2 young (2048K), 2 survivors (2048K)
 Metaspace       used 116793K, capacity 119518K, committed 120448K, reserved 1155072K
  class space    used 14431K, capacity 15476K, committed 15744K, reserved 1048576K
}
Event: 6481.505 GC heap before
{Heap before GC invocations=109 (full 0):
 garbage-first heap   total 200704K, used 131575K [0x0000000080000000, 0x0000000100000000)
  region size 1024K, 9 young (9216K), 2 survivors (2048K)
 Metaspace       used 117520K, capacity 120272K, committed 121088K, reserved 1155072K
  class space    used 14565K, capacity 15604K, committed 15872K, reserved 1048576K
}
Event: 6481.535 GC heap after
{Heap after GC invocations=110 (full 0):
 garbage-first heap   total 200704K, used 123074K [0x0000000080000000, 0x0000000100000000)
  region size 1024K, 1 young (1024K), 1 survivors (1024K)
 Metaspace       used 117520K, capacity 120272K, committed 121088K, reserved 1155072K
  class space    used 14565K, capacity 15604K, committed 15872K, reserved 1048576K
}
Event: 6484.482 GC heap before
{Heap before GC invocations=110 (full 0):
 garbage-first heap   total 200704K, used 169154K [0x0000000080000000, 0x0000000100000000)
  region size 1024K, 47 young (48128K), 1 survivors (1024K)
 Metaspace       used 119158K, capacity 121969K, committed 122496K, reserved 1155072K
  class space    used 14751K, capacity 15787K, committed 16000K, reserved 1048576K
}
Event: 6484.502 GC heap after
{Heap after GC invocations=111 (full 0):
 garbage-first heap   total 200704K, used 125576K [0x0000000080000000, 0x0000000100000000)
  region size 1024K, 4 young (4096K), 4 survivors (4096K)
 Metaspace       used 119158K, capacity 121969K, committed 122496K, reserved 1155072K
  class space    used 14751K, capacity 15787K, committed 16000K, reserved 1048576K
}
Event: 6486.332 GC heap before
{Heap before GC invocations=112 (full 0):
 garbage-first heap   total 200704K, used 172680K [0x0000000080000000, 0x0000000100000000)
  region size 1024K, 48 young (49152K), 4 survivors (4096K)
 Metaspace       used 119105K, capacity 121723K, committed 122752K, reserved 1157120K
  class space    used 14707K, capacity 15706K, committed 16000K, reserved 1048576K
}
Event: 6486.405 GC heap after
{Heap after GC invocations=113 (full 0):
 garbage-first heap   total 200704K, used 143004K [0x0000000080000000, 0x0000000100000000)
  region size 1024K, 6 young (6144K), 6 survivors (6144K)
 Metaspace       used 119105K, capacity 121723K, committed 122752K, reserved 1157120K
  class space    used 14707K, capacity 15706K, committed 16000K, reserved 1048576K
}
Event: 6486.504 GC heap before
{Heap before GC invocations=113 (full 0):
 garbage-first heap   total 200704K, used 145052K [0x0000000080000000, 0x0000000100000000)
  region size 1024K, 9 young (9216K), 6 survivors (6144K)
 Metaspace       used 119106K, capacity 121723K, committed 122752K, reserved 1157120K
  class space    used 14707K, capacity 15706K, committed 16000K, reserved 1048576K
}
Event: 6486.548 GC heap after
{Heap after GC invocations=114 (full 0):
 garbage-first heap   total 200704K, used 138703K [0x0000000080000000, 0x0000000100000000)
  region size 1024K, 2 young (2048K), 2 survivors (2048K)
 Metaspace       used 119106K, capacity 121723K, committed 122752K, reserved 1157120K
  class space    used 14707K, capacity 15706K, committed 16000K, reserved 1048576K
}
Event: 6487.258 GC heap before
{Heap before GC invocations=114 (full 0):
 garbage-first heap   total 200704K, used 145871K [0x0000000080000000, 0x0000000100000000)
  region size 1024K, 9 young (9216K), 2 survivors (2048K)
 Metaspace       used 119506K, capacity 122139K, committed 123008K, reserved 1157120K
  class space    used 14735K, capacity 15738K, committed 16000K, reserved 1048576K
}
Event: 6487.296 GC heap after
{Heap after GC invocations=115 (full 0):
 garbage-first heap   total 200704K, used 138754K [0x0000000080000000, 0x0000000100000000)
  region size 1024K, 2 young (2048K), 2 survivors (2048K)
 Metaspace       used 119506K, capacity 122139K, committed 123008K, reserved 1157120K
  class space    used 14735K, capacity 15738K, committed 16000K, reserved 1048576K
}
Event: 6492.235 GC heap before
{Heap before GC invocations=115 (full 0):
 garbage-first heap   total 200704K, used 155138K [0x0000000080000000, 0x0000000100000000)
  region size 1024K, 20 young (20480K), 2 survivors (2048K)
 Metaspace       used 120255K, capacity 122902K, committed 123520K, reserved 1157120K
  class space    used 14822K, capacity 15823K, committed 16000K, reserved 1048576K
}
Event: 6493.532 GC heap after
{Heap after GC invocations=116 (full 0):
 garbage-first heap   total 200704K, used 140331K [0x0000000080000000, 0x0000000100000000)
  region size 1024K, 4 young (4096K), 4 survivors (4096K)
 Metaspace       used 120255K, capacity 122902K, committed 123520K, reserved 1157120K
  class space    used 14822K, capacity 15823K, committed 16000K, reserved 1048576K
}

Deoptimization events (20 events):
Event: 6493.779 Thread 0x0000022f50f33800 Uncommon trap: trap_request=0xffffffde fr.pc=0x0000022f38d4e828 relative=0x00000000000001c8
Event: 6493.779 Thread 0x0000022f50f33800 Uncommon trap: reason=class_check action=maybe_recompile pc=0x0000022f38d4e828 method=org.apache.xerces.dom.NodeImpl.getUserData(Ljava/lang/String;)Ljava/lang/Object; @ 1 c2
Event: 6493.779 Thread 0x0000022f50f33800 DEOPT PACKING pc=0x0000022f38d4e828 sp=0x00000096bcbfa1a0
Event: 6493.779 Thread 0x0000022f50f33800 DEOPT UNPACKING pc=0x0000022f306f65af sp=0x00000096bcbfa170 mode 2
Event: 6493.779 Thread 0x0000022f50f33800 Uncommon trap: trap_request=0xffffffde fr.pc=0x0000022f38d4e828 relative=0x00000000000001c8
Event: 6493.779 Thread 0x0000022f50f33800 Uncommon trap: reason=class_check action=maybe_recompile pc=0x0000022f38d4e828 method=org.apache.xerces.dom.NodeImpl.getUserData(Ljava/lang/String;)Ljava/lang/Object; @ 1 c2
Event: 6493.779 Thread 0x0000022f50f33800 DEOPT PACKING pc=0x0000022f38d4e828 sp=0x00000096bcbf9e10
Event: 6493.779 Thread 0x0000022f50f33800 DEOPT UNPACKING pc=0x0000022f306f65af sp=0x00000096bcbf9dd0 mode 2
Event: 6493.980 Thread 0x0000022f50f33800 Uncommon trap: trap_request=0xffffff4d fr.pc=0x0000022f38b0f09c relative=0x000000000000043c
Event: 6493.980 Thread 0x0000022f50f33800 Uncommon trap: reason=unstable_if action=reinterpret pc=0x0000022f38b0f09c method=sun.nio.cs.UTF_8$Encoder.encodeArrayLoop(Ljava/nio/CharBuffer;Ljava/nio/ByteBuffer;)Ljava/nio/charset/CoderResult; @ 113 c2
Event: 6493.980 Thread 0x0000022f50f33800 DEOPT PACKING pc=0x0000022f38b0f09c sp=0x00000096bcbf9ff0
Event: 6493.980 Thread 0x0000022f50f33800 DEOPT UNPACKING pc=0x0000022f306f65af sp=0x00000096bcbf9f58 mode 2
Event: 6493.980 Thread 0x0000022f50f33800 Uncommon trap: trap_request=0xffffff4d fr.pc=0x0000022f382a4130 relative=0x00000000000001d0
Event: 6493.980 Thread 0x0000022f50f33800 Uncommon trap: reason=unstable_if action=reinterpret pc=0x0000022f382a4130 method=java.nio.charset.CharsetEncoder.encode(Ljava/nio/CharBuffer;Ljava/nio/ByteBuffer;Z)Ljava/nio/charset/CoderResult; @ 94 c2
Event: 6493.980 Thread 0x0000022f50f33800 DEOPT PACKING pc=0x0000022f382a4130 sp=0x00000096bcbfa050
Event: 6493.980 Thread 0x0000022f50f33800 DEOPT UNPACKING pc=0x0000022f306f65af sp=0x00000096bcbf9fe8 mode 2
Event: 6493.981 Thread 0x0000022f50f33800 Uncommon trap: trap_request=0xffffff4d fr.pc=0x0000022f389e2a88 relative=0x0000000000000628
Event: 6493.981 Thread 0x0000022f50f33800 Uncommon trap: reason=unstable_if action=reinterpret pc=0x0000022f389e2a88 method=sun.nio.cs.UTF_8$Encoder.encodeArrayLoop(Ljava/nio/CharBuffer;Ljava/nio/ByteBuffer;)Ljava/nio/charset/CoderResult; @ 113 c2
Event: 6493.981 Thread 0x0000022f50f33800 DEOPT PACKING pc=0x0000022f389e2a88 sp=0x00000096bcbf9f10
Event: 6493.981 Thread 0x0000022f50f33800 DEOPT UNPACKING pc=0x0000022f306f65af sp=0x00000096bcbf9ea8 mode 2

Classes redefined (0 events):
No events

Internal exceptions (20 events):
Event: 6481.825 Thread 0x0000022f4a417000 Exception <a 'sun/nio/fs/WindowsException'{0x000000008c1f69c8}> (0x000000008c1f69c8) thrown at [./src/hotspot/share/prims/jni.cpp, line 615]
Event: 6481.883 Thread 0x0000022f50f31000 Exception <a 'sun/nio/fs/WindowsException'{0x000000008be124d0}> (0x000000008be124d0) thrown at [./src/hotspot/share/prims/jni.cpp, line 615]
Event: 6482.679 Thread 0x0000022f50f30000 Exception <a 'java/lang/NoSuchMethodError'{0x000000008afd3b08}: <clinit>> (0x000000008afd3b08) thrown at [./src/hotspot/share/prims/jni.cpp, line 1362]
Event: 6482.928 Thread 0x0000022f4a934800 Implicit null exception at 0x0000022f38c499b2 to 0x0000022f38c49d7c
Event: 6489.778 Thread 0x0000022f50f33800 Exception <a 'java/lang/NoSuchMethodError'{0x000000008bba4f98}: <clinit>> (0x000000008bba4f98) thrown at [./src/hotspot/share/prims/jni.cpp, line 1362]
Event: 6489.869 Thread 0x0000022f50f33800 Exception <a 'java/lang/NoSuchMethodError'{0x000000008bbb5258}: <clinit>> (0x000000008bbb5258) thrown at [./src/hotspot/share/prims/jni.cpp, line 1362]
Event: 6490.117 Thread 0x0000022f50f33800 Exception <a 'java/lang/NoSuchMethodError'{0x000000008b824ad0}: <clinit>> (0x000000008b824ad0) thrown at [./src/hotspot/share/prims/jni.cpp, line 1362]
Event: 6490.117 Thread 0x0000022f50f33800 Exception <a 'java/lang/NoSuchMethodError'{0x000000008b827698}: <clinit>> (0x000000008b827698) thrown at [./src/hotspot/share/prims/jni.cpp, line 1362]
Event: 6490.117 Thread 0x0000022f50f33800 Exception <a 'java/lang/NoSuchMethodError'{0x000000008b82c078}: <clinit>> (0x000000008b82c078) thrown at [./src/hotspot/share/prims/jni.cpp, line 1362]
Event: 6490.117 Thread 0x0000022f50f33800 Exception <a 'java/lang/NoSuchMethodError'{0x000000008b837818}: <clinit>> (0x000000008b837818) thrown at [./src/hotspot/share/prims/jni.cpp, line 1362]
Event: 6490.516 Thread 0x0000022f50f33800 Exception <a 'java/lang/NoSuchMethodError'{0x000000008b88f258}: <clinit>> (0x000000008b88f258) thrown at [./src/hotspot/share/prims/jni.cpp, line 1362]
Event: 6490.600 Thread 0x0000022f50f33800 Exception <a 'java/lang/NoSuchMethodError'{0x000000008b8c0eb0}: <clinit>> (0x000000008b8c0eb0) thrown at [./src/hotspot/share/prims/jni.cpp, line 1362]
Event: 6490.600 Thread 0x0000022f50f33800 Exception <a 'java/lang/NoSuchMethodError'{0x000000008b8d87d8}: <clinit>> (0x000000008b8d87d8) thrown at [./src/hotspot/share/prims/jni.cpp, line 1362]
Event: 6490.600 Thread 0x0000022f50f33800 Exception <a 'java/lang/NoSuchMethodError'{0x000000008b8db448}: <clinit>> (0x000000008b8db448) thrown at [./src/hotspot/share/prims/jni.cpp, line 1362]
Event: 6490.601 Thread 0x0000022f50f33800 Exception <a 'java/lang/NoSuchMethodError'{0x000000008b8f3458}: <clinit>> (0x000000008b8f3458) thrown at [./src/hotspot/share/prims/jni.cpp, line 1362]
Event: 6490.610 Thread 0x0000022f50f33800 Exception <a 'java/lang/NoSuchMethodError'{0x000000008b70ac10}: <clinit>> (0x000000008b70ac10) thrown at [./src/hotspot/share/prims/jni.cpp, line 1362]
Event: 6490.612 Thread 0x0000022f50f33800 Exception <a 'java/lang/NoSuchMethodError'{0x000000008b71f690}: <clinit>> (0x000000008b71f690) thrown at [./src/hotspot/share/prims/jni.cpp, line 1362]
Event: 6490.724 Thread 0x0000022f50f33800 Exception <a 'java/lang/NoSuchMethodError'{0x000000008b7420b0}: <clinit>> (0x000000008b7420b0) thrown at [./src/hotspot/share/prims/jni.cpp, line 1362]
Event: 6490.747 Thread 0x0000022f50f33800 Exception <a 'java/lang/NoSuchMethodError'{0x000000008b7676e0}: <clinit>> (0x000000008b7676e0) thrown at [./src/hotspot/share/prims/jni.cpp, line 1362]
Event: 6490.754 Thread 0x0000022f50f33800 Exception <a 'java/lang/NoSuchMethodError'{0x000000008b77bcd0}: <clinit>> (0x000000008b77bcd0) thrown at [./src/hotspot/share/prims/jni.cpp, line 1362]

Events (20 events):
Event: 6491.311 loading class org/w3c/dom/ls/LSInput done
Event: 6491.311 loading class org/w3c/dom/ls/LSSerializer
Event: 6491.311 loading class org/w3c/dom/ls/LSSerializer done
Event: 6491.312 loading class org/apache/xerces/dom/DeferredDOMImplementationImpl
Event: 6491.312 loading class org/apache/xerces/dom/DeferredDOMImplementationImpl done
Event: 6491.315 loading class com/google/common/io/ByteSource$AsCharSource
Event: 6491.315 loading class com/google/common/io/ByteSource$AsCharSource done
Event: 6492.111 loading class com/android/utils/XmlUtils$PositionAwareStringBuilder
Event: 6492.111 loading class com/android/utils/XmlUtils$PositionAwareStringBuilder done
Event: 6492.112 Executing VM operation: RevokeBias
Event: 6492.112 Executing VM operation: RevokeBias done
Event: 6492.225 Executing VM operation: G1CollectForAllocation
Event: 6493.532 Executing VM operation: G1CollectForAllocation done
Event: 6493.532 Executing VM operation: RevokeBias
Event: 6493.617 Executing VM operation: RevokeBias done
Event: 6493.671 Thread 0x0000022f50f31000 Thread exited: 0x0000022f50f31000
Event: 6494.200 loading class com/android/builder/internal/aapt/v2/Aapt2RenamingConventions
Event: 6494.200 loading class com/android/builder/internal/aapt/v2/Aapt2RenamingConventions done
Event: 6494.331 loading class com/android/builder/internal/aapt/v2/Aapt2Exception
Event: 6494.331 loading class com/android/builder/internal/aapt/v2/Aapt2Exception done


Dynamic libraries:
0x00007ff602650000 - 0x00007ff60265a000 	D:\android studio\jre\bin\java.exe
0x00007ff9862b0000 - 0x00007ff9864a5000 	C:\Windows\SYSTEM32\ntdll.dll
0x00007ff97c6d0000 - 0x00007ff97c6e6000 	C:\Program Files\Avast Software\Avast\aswhook.dll
0x00007ff984650000 - 0x00007ff98470e000 	C:\Windows\System32\KERNEL32.DLL
0x00007ff983d80000 - 0x00007ff984048000 	C:\Windows\System32\KERNELBASE.dll
0x00007ff9839d0000 - 0x00007ff983ad0000 	C:\Windows\System32\ucrtbase.dll
0x00007ff975a50000 - 0x00007ff975a69000 	D:\android studio\jre\bin\jli.dll
0x00007ff985f40000 - 0x00007ff9860e0000 	C:\Windows\System32\USER32.dll
0x00007ff984160000 - 0x00007ff984182000 	C:\Windows\System32\win32u.dll
0x00007ff97a0e0000 - 0x00007ff97a37a000 	C:\Windows\WinSxS\amd64_microsoft.windows.common-controls_6595b64144ccf1df_6.0.19041.1110_none_60b5254171f9507e\COMCTL32.dll
0x00007ff984f20000 - 0x00007ff984f4b000 	C:\Windows\System32\GDI32.dll
0x00007ff984e60000 - 0x00007ff984efe000 	C:\Windows\System32\msvcrt.dll
0x00007ff984050000 - 0x00007ff98415b000 	C:\Windows\System32\gdi32full.dll
0x00007ff984270000 - 0x00007ff98430d000 	C:\Windows\System32\msvcp_win.dll
0x00007ff975a30000 - 0x00007ff975a47000 	D:\android studio\jre\bin\VCRUNTIME140.dll
0x00007ff985de0000 - 0x00007ff985e10000 	C:\Windows\System32\IMM32.DLL
0x00007ff9837d0000 - 0x00007ff983801000 	C:\Windows\system32\nvinitx.dll
0x00007ff9861b0000 - 0x00007ff98625e000 	C:\Windows\System32\ADVAPI32.dll
0x00007ff9843d0000 - 0x00007ff98446c000 	C:\Windows\System32\sechost.dll
0x00007ff983880000 - 0x00007ff98388a000 	C:\Windows\SYSTEM32\VERSION.dll
0x00007ff985e10000 - 0x00007ff985f35000 	C:\Windows\System32\RPCRT4.dll
0x000000000f000000 - 0x000000000f006000 	C:\Program Files\NVIDIA Corporation\CoProcManager\_etoured.dll
0x00007ff9811c0000 - 0x00007ff9811f2000 	C:\Program Files\NVIDIA Corporation\CoProcManager\nvd3d9wrapx.dll
0x00007ff9851b0000 - 0x00007ff985620000 	C:\Windows\System32\SETUPAPI.dll
0x00007ff984220000 - 0x00007ff98426e000 	C:\Windows\System32\cfgmgr32.dll
0x00007ff983b40000 - 0x00007ff983b67000 	C:\Windows\System32\bcrypt.dll
0x00007ff981190000 - 0x00007ff9811b2000 	C:\Program Files\NVIDIA Corporation\CoProcManager\nvdxgiwrapx.dll
0x00007ff94b670000 - 0x00007ff94b70d000 	D:\android studio\jre\bin\msvcp140.dll
0x00007ff91d830000 - 0x00007ff91e305000 	D:\android studio\jre\bin\server\jvm.dll
0x00007ff986260000 - 0x00007ff986268000 	C:\Windows\System32\PSAPI.DLL
0x00007ff972f20000 - 0x00007ff972f29000 	C:\Windows\SYSTEM32\WSOCK32.dll
0x00007ff97b430000 - 0x00007ff97b457000 	C:\Windows\SYSTEM32\WINMM.dll
0x00007ff985630000 - 0x00007ff98569b000 	C:\Windows\System32\ws2_32.DLL
0x00007ff981890000 - 0x00007ff9818a2000 	C:\Windows\SYSTEM32\kernel.appcore.dll
0x00007ff97dce0000 - 0x00007ff97dcf1000 	D:\android studio\jre\bin\verify.dll
0x00007ff979cd0000 - 0x00007ff979eb4000 	C:\Windows\SYSTEM32\DBGHELP.DLL
0x00007ff979f30000 - 0x00007ff979f5c000 	C:\Windows\SYSTEM32\dbgcore.DLL
0x00007ff984190000 - 0x00007ff984212000 	C:\Windows\System32\bcryptPrimitives.dll
0x00007ff9757b0000 - 0x00007ff9757d9000 	D:\android studio\jre\bin\java.dll
0x00007ff97ddf0000 - 0x00007ff97ddfb000 	D:\android studio\jre\bin\jimage.dll
0x00007ff975270000 - 0x00007ff975288000 	D:\android studio\jre\bin\zip.dll
0x00007ff984710000 - 0x00007ff984e54000 	C:\Windows\System32\SHELL32.dll
0x00007ff981a90000 - 0x00007ff982224000 	C:\Windows\SYSTEM32\windows.storage.dll
0x00007ff9857c0000 - 0x00007ff985b14000 	C:\Windows\System32\combase.dll
0x00007ff983310000 - 0x00007ff98333c000 	C:\Windows\SYSTEM32\Wldp.dll
0x00007ff985100000 - 0x00007ff9851ad000 	C:\Windows\System32\SHCORE.dll
0x00007ff984310000 - 0x00007ff984365000 	C:\Windows\System32\shlwapi.dll
0x00007ff983910000 - 0x00007ff98392f000 	C:\Windows\SYSTEM32\profapi.dll
0x00007ff973820000 - 0x00007ff97383a000 	D:\android studio\jre\bin\net.dll
0x00007ff979390000 - 0x00007ff979499000 	C:\Windows\SYSTEM32\WINHTTP.dll
0x00007ff983070000 - 0x00007ff9830da000 	C:\Windows\system32\mswsock.dll
0x00007ff95c7f0000 - 0x00007ff95c804000 	D:\android studio\jre\bin\nio.dll
0x00007ff978390000 - 0x00007ff9783b7000 	C:\Users\User\.gradle\native\e1d6ef7f7dcc3fd88c89a11ec53ec762bb8ba0a96d01ffa2cd45eb1d1d8dd5c5\windows-amd64\native-platform.dll
0x00007ff9224a0000 - 0x00007ff9225e4000 	C:\Users\User\.gradle\native\5664cfc778a61ccfe75a443a1ab52a65af34e5dc3c78e0209fed803814484fcb\windows-amd64\native-platform-file-events.dll
0x00007ff97c170000 - 0x00007ff97c17a000 	D:\android studio\jre\bin\management.dll
0x00007ff979600000 - 0x00007ff97960d000 	D:\android studio\jre\bin\management_ext.dll
0x00007ff983270000 - 0x00007ff983288000 	C:\Windows\SYSTEM32\CRYPTSP.dll
0x00007ff9829f0000 - 0x00007ff982a24000 	C:\Windows\system32\rsaenh.dll
0x00007ff9838d0000 - 0x00007ff9838fe000 	C:\Windows\SYSTEM32\USERENV.dll
0x00007ff983260000 - 0x00007ff98326c000 	C:\Windows\SYSTEM32\CRYPTBASE.dll
0x00007ff982d60000 - 0x00007ff982d9b000 	C:\Windows\SYSTEM32\IPHLPAPI.DLL
0x00007ff984470000 - 0x00007ff984478000 	C:\Windows\System32\NSI.dll
0x00007ff97cf50000 - 0x00007ff97cf67000 	C:\Windows\SYSTEM32\dhcpcsvc6.DLL
0x00007ff97c3f0000 - 0x00007ff97c40d000 	C:\Windows\SYSTEM32\dhcpcsvc.DLL
0x00007ff982da0000 - 0x00007ff982e6a000 	C:\Windows\SYSTEM32\DNSAPI.dll
0x00007ff94dbb0000 - 0x00007ff94dbd7000 	D:\android studio\jre\bin\sunec.dll
0x00007ff979000000 - 0x00007ff97900a000 	C:\Windows\System32\rasadhlp.dll
0x00007ff977650000 - 0x00007ff9776cf000 	C:\Windows\System32\fwpuclnt.dll

dbghelp: loaded successfully - version: 4.0.5 - missing functions: none
symbol engine: initialized successfully - sym options: 0x614 - pdb path: .;D:\android studio\jre\bin;C:\Windows\SYSTEM32;C:\Program Files\Avast Software\Avast;C:\Windows\WinSxS\amd64_microsoft.windows.common-controls_6595b64144ccf1df_6.0.19041.1110_none_60b5254171f9507e;C:\Program Files\NVIDIA Corporation\CoProcManager;D:\android studio\jre\bin\server;C:\Users\User\.gradle\native\e1d6ef7f7dcc3fd88c89a11ec53ec762bb8ba0a96d01ffa2cd45eb1d1d8dd5c5\windows-amd64;C:\Users\User\.gradle\native\5664cfc778a61ccfe75a443a1ab52a65af34e5dc3c78e0209fed803814484fcb\windows-amd64

VM Arguments:
jvm_args: --add-opens=java.base/java.util=ALL-UNNAMED --add-opens=java.base/java.lang=ALL-UNNAMED --add-opens=java.base/java.lang.invoke=ALL-UNNAMED --add-opens=java.base/java.util=ALL-UNNAMED --add-opens=java.prefs/java.util.prefs=ALL-UNNAMED --add-opens=java.prefs/java.util.prefs=ALL-UNNAMED --add-opens=java.base/java.nio.charset=ALL-UNNAMED --add-opens=java.base/java.net=ALL-UNNAMED --add-opens=java.base/java.util.concurrent.atomic=ALL-UNNAMED -Xmx2048m -Dfile.encoding=UTF-8 -Duser.country=RU -Duser.language=ru -Duser.variant 
java_command: org.gradle.launcher.daemon.bootstrap.GradleDaemon 7.2
java_class_path (initial): C:\Users\User\.gradle\wrapper\dists\gradle-7.2-bin\2dnblmf4td7x66yl1d74lt32g\gradle-7.2\lib\gradle-launcher-7.2.jar
Launcher Type: SUN_STANDARD

[Global flags]
     intx CICompilerCount                          = 4                                         {product} {ergonomic}
     uint ConcGCThreads                            = 2                                         {product} {ergonomic}
     uint G1ConcRefinementThreads                  = 8                                         {product} {ergonomic}
   size_t G1HeapRegionSize                         = 1048576                                   {product} {ergonomic}
    uintx GCDrainStackTargetSize                   = 64                                        {product} {ergonomic}
   size_t InitialHeapSize                          = 100663296                                 {product} {ergonomic}
   size_t MarkStackSize                            = 4194304                                   {product} {ergonomic}
   size_t MaxHeapSize                              = 2147483648                                {product} {command line}
   size_t MaxNewSize                               = 1287651328                                {product} {ergonomic}
   size_t MinHeapDeltaBytes                        = 1048576                                   {product} {ergonomic}
    uintx NonNMethodCodeHeapSize                   = 5836300                                {pd product} {ergonomic}
    uintx NonProfiledCodeHeapSize                  = 122910970                              {pd product} {ergonomic}
    uintx ProfiledCodeHeapSize                     = 122910970                              {pd product} {ergonomic}
    uintx ReservedCodeCacheSize                    = 251658240                              {pd product} {ergonomic}
     bool SegmentedCodeCache                       = true                                      {product} {ergonomic}
     bool UseCompressedClassPointers               = true                                 {lp64_product} {ergonomic}
     bool UseCompressedOops                        = true                                 {lp64_product} {ergonomic}
     bool UseG1GC                                  = true                                      {product} {ergonomic}
     bool UseLargePagesIndividualAllocation        = false                                  {pd product} {ergonomic}

Logging:
Log output configuration:
 #0: stdout all=warning uptime,level,tags
 #1: stderr all=off uptime,level,tags

Environment Variables:
PATH=C:\Program Files\Eclipse Foundation\jdk-8.0.302.8-hotspot\bin;C:\ProgramData\Oracle\Java\javapath;C:\Program Files\Common Files\Oracle\Java\javapath;C:\Program Files\Microsoft MPI\Bin\;C:\Program Files (x86)\Intel\iCLS Client\;C:\Program Files\Intel\iCLS Client\;C:\Windows\system32;C:\Windows;C:\Windows\System32\Wbem;C:\Windows\System32\WindowsPowerShell\v1.0\;C:\Windows\System32\OpenSSH\;C:\Program Files\Intel\Intel(R) Management Engine Components\DAL;C:\Program Files\Intel\Intel(R) Management Engine Components\IPT;C:\Program Files (x86)\Intel\Intel(R) Management Engine Components\DAL;C:\Program Files (x86)\Intel\Intel(R) Management Engine Components\IPT;C:\Program Files (x86)\NVIDIA Corporation\PhysX\Common;C:\Program Files (x86)\Microsoft SQL Server\150\Tools\Binn\;C:\Program Files\Microsoft SQL Server\150\Tools\Binn\;C:\Program Files (x86)\Microsoft SQL Server\150\DTS\Binn\;C:\Program Files\Microsoft SQL Server\150\DTS\Binn\;C:\Program Files\Microsoft SQL Server\Client SDK\ODBC\170\Tools\Binn\;C:\Program Files\Azure Data Studio\bin;C:\Program Files\dotnet\;C:\Program Files\Microsoft SQL Server\130\Tools\Binn\;C:\Program Files\Git\cmd;C:\Ruby27-x64\bin;C:\Users\User\AppData\Local\Microsoft\WindowsApps;C:\Users\User\AppData\Local\Programs\Microsoft VS Code\bin;C:\Program Files\Azure Data Studio\bin;C:\Users\User\.dotnet\tools
USERNAME=User
OS=Windows_NT
PROCESSOR_IDENTIFIER=Intel64 Family 6 Model 58 Stepping 9, GenuineIntel



---------------  S Y S T E M  ---------------

OS: Windows 10 , 64 bit Build 19041 (10.0.19041.1566)
OS uptime: 5 days 22:09 hours

CPU:total 8 (initial active 8) (4 cores per cpu, 2 threads per core) family 6 model 58 stepping 9 microcode 0x21, cmov, cx8, fxsr, mmx, sse, sse2, sse3, ssse3, sse4.1, sse4.2, popcnt, avx, aes, clmul, erms, ht, tsc, tscinvbit, tscinv

Memory: 4k page, system-wide physical 6023M (412M free)
TotalPageFile size 12170M (AvailPageFile size 0M)
current process WorkingSet (physical memory assigned to process): 230M, peak: 527M
current process commit charge ("private bytes"): 576M, peak: 581M

vm_info: OpenJDK 64-Bit Server VM (11.0.11+9-b60-7590822) for windows-amd64 JRE (11.0.11+9-b60-7590822), built on Jul 29 2021 21:43:44 by "builder" with MS VC++ 14.0 (VS2015)

END.
